{"/home/travis/build/npmtest/node-npmtest-chokidar/test.js":{"path":"/home/travis/build/npmtest/node-npmtest-chokidar/test.js","s":{"1":2,"2":2,"3":2,"4":2,"5":2,"6":2,"7":2,"8":1,"9":2,"10":2,"11":1,"12":1,"13":1,"14":1,"15":2,"16":2,"17":2,"18":2,"19":1,"20":1,"21":2,"22":2,"23":2,"24":1,"25":1,"26":1,"27":1,"28":1,"29":1,"30":1,"31":1,"32":1,"33":1,"34":1,"35":1,"36":1,"37":1,"38":1,"39":2,"40":2,"41":1,"42":2,"43":2,"44":1,"45":2,"46":2,"47":1,"48":2,"49":2,"50":1,"51":1,"52":1,"53":1,"54":1},"b":{"1":[2,1,1,1],"2":[1,1,1,1],"3":[1,1],"4":[1,1],"5":[1,1],"6":[1,1],"7":[1,1],"8":[1,1],"9":[1,1],"10":[1,1,1],"11":[1,1],"12":[1,1],"13":[1,1],"14":[1,1],"15":[1,1],"16":[1,1],"17":[1,1]},"f":{"1":2,"2":2,"3":2,"4":2,"5":2,"6":1,"7":1,"8":1,"9":2,"10":2,"11":2,"12":2,"13":1},"fnMap":{"1":{"name":"(anonymous_1)","line":12,"loc":{"start":{"line":12,"column":1},"end":{"line":12,"column":13}}},"2":{"name":"(anonymous_2)","line":19,"loc":{"start":{"line":19,"column":5},"end":{"line":19,"column":17}}},"3":{"name":"(anonymous_3)","line":23,"loc":{"start":{"line":23,"column":24},"end":{"line":23,"column":36}}},"4":{"name":"(anonymous_4)","line":61,"loc":{"start":{"line":61,"column":5},"end":{"line":61,"column":17}}},"5":{"name":"(anonymous_5)","line":82,"loc":{"start":{"line":82,"column":5},"end":{"line":82,"column":17}}},"6":{"name":"(anonymous_6)","line":91,"loc":{"start":{"line":91,"column":77},"end":{"line":94,"column":10}}},"7":{"name":"(anonymous_7)","line":112,"loc":{"start":{"line":112,"column":83},"end":{"line":115,"column":10}},"skip":true},"8":{"name":"(anonymous_8)","line":123,"loc":{"start":{"line":123,"column":77},"end":{"line":126,"column":10}},"skip":true},"9":{"name":"(anonymous_9)","line":139,"loc":{"start":{"line":139,"column":12},"end":{"line":139,"column":40}},"skip":true},"10":{"name":"(anonymous_10)","line":147,"loc":{"start":{"line":147,"column":77},"end":{"line":150,"column":10}},"skip":true},"11":{"name":"(anonymous_11)","line":158,"loc":{"start":{"line":158,"column":83},"end":{"line":161,"column":10}},"skip":true},"12":{"name":"(anonymous_12)","line":169,"loc":{"start":{"line":169,"column":79},"end":{"line":172,"column":10}},"skip":true},"13":{"name":"(anonymous_13)","line":180,"loc":{"start":{"line":180,"column":75},"end":{"line":183,"column":10}},"skip":true}},"statementMap":{"1":{"start":{"line":12,"column":0},"end":{"line":195,"column":5}},"2":{"start":{"line":14,"column":4},"end":{"line":14,"column":14}},"3":{"start":{"line":19,"column":4},"end":{"line":56,"column":9}},"4":{"start":{"line":21,"column":8},"end":{"line":21,"column":19}},"5":{"start":{"line":23,"column":8},"end":{"line":35,"column":13}},"6":{"start":{"line":24,"column":12},"end":{"line":34,"column":13}},"7":{"start":{"line":25,"column":16},"end":{"line":28,"column":30}},"8":{"start":{"line":30,"column":16},"end":{"line":33,"column":27}},"9":{"start":{"line":37,"column":8},"end":{"line":39,"column":21}},"10":{"start":{"line":40,"column":8},"end":{"line":53,"column":9}},"11":{"start":{"line":43,"column":12},"end":{"line":46,"column":14}},"12":{"start":{"line":47,"column":12},"end":{"line":47,"column":18}},"13":{"start":{"line":50,"column":12},"end":{"line":51,"column":33}},"14":{"start":{"line":52,"column":12},"end":{"line":52,"column":18}},"15":{"start":{"line":55,"column":8},"end":{"line":55,"column":35}},"16":{"start":{"line":61,"column":4},"end":{"line":63,"column":9}},"17":{"start":{"line":62,"column":8},"end":{"line":62,"column":15}},"18":{"start":{"line":64,"column":4},"end":{"line":77,"column":5}},"19":{"start":{"line":70,"column":8},"end":{"line":70,"column":14}},"20":{"start":{"line":76,"column":8},"end":{"line":76,"column":14}},"21":{"start":{"line":82,"column":4},"end":{"line":84,"column":9}},"22":{"start":{"line":83,"column":8},"end":{"line":83,"column":15}},"23":{"start":{"line":85,"column":4},"end":{"line":194,"column":5}},"24":{"start":{"line":91,"column":8},"end":{"line":99,"column":10}},"25":{"start":{"line":98,"column":12},"end":{"line":98,"column":35}},"26":{"start":{"line":102,"column":8},"end":{"line":104,"column":63}},"27":{"start":{"line":105,"column":8},"end":{"line":105,"column":14}},"28":{"start":{"line":112,"column":8},"end":{"line":121,"column":10},"skip":true},"29":{"start":{"line":119,"column":12},"end":{"line":119,"column":55},"skip":true},"30":{"start":{"line":120,"column":12},"end":{"line":120,"column":48},"skip":true},"31":{"start":{"line":123,"column":8},"end":{"line":136,"column":10},"skip":true},"32":{"start":{"line":130,"column":12},"end":{"line":130,"column":76},"skip":true},"33":{"start":{"line":131,"column":12},"end":{"line":131,"column":73},"skip":true},"34":{"start":{"line":132,"column":12},"end":{"line":132,"column":74},"skip":true},"35":{"start":{"line":133,"column":12},"end":{"line":133,"column":79},"skip":true},"36":{"start":{"line":134,"column":12},"end":{"line":134,"column":25},"skip":true},"37":{"start":{"line":135,"column":12},"end":{"line":135,"column":45},"skip":true},"38":{"start":{"line":138,"column":8},"end":{"line":145,"column":14},"skip":true},"39":{"start":{"line":143,"column":16},"end":{"line":143,"column":29},"skip":true},"40":{"start":{"line":144,"column":16},"end":{"line":144,"column":55},"skip":true},"41":{"start":{"line":147,"column":8},"end":{"line":156,"column":10},"skip":true},"42":{"start":{"line":154,"column":12},"end":{"line":154,"column":25},"skip":true},"43":{"start":{"line":155,"column":12},"end":{"line":155,"column":45},"skip":true},"44":{"start":{"line":158,"column":8},"end":{"line":167,"column":10},"skip":true},"45":{"start":{"line":165,"column":12},"end":{"line":165,"column":25},"skip":true},"46":{"start":{"line":166,"column":12},"end":{"line":166,"column":48},"skip":true},"47":{"start":{"line":169,"column":8},"end":{"line":178,"column":10},"skip":true},"48":{"start":{"line":176,"column":12},"end":{"line":176,"column":25},"skip":true},"49":{"start":{"line":177,"column":12},"end":{"line":177,"column":46},"skip":true},"50":{"start":{"line":180,"column":8},"end":{"line":189,"column":10},"skip":true},"51":{"start":{"line":187,"column":12},"end":{"line":187,"column":94},"skip":true},"52":{"start":{"line":188,"column":12},"end":{"line":188,"column":48},"skip":true},"53":{"start":{"line":192,"column":8},"end":{"line":192,"column":35},"skip":true},"54":{"start":{"line":193,"column":8},"end":{"line":193,"column":14},"skip":true}},"branchMap":{"1":{"line":25,"type":"binary-expr","locations":[{"start":{"line":25,"column":23},"end":{"line":25,"column":62}},{"start":{"line":26,"column":20},"end":{"line":26,"column":70}},{"start":{"line":27,"column":20},"end":{"line":27,"column":71}},{"start":{"line":28,"column":20},"end":{"line":28,"column":29}}]},"2":{"line":30,"type":"binary-expr","locations":[{"start":{"line":30,"column":23},"end":{"line":30,"column":37}},{"start":{"line":31,"column":20},"end":{"line":31,"column":61}},{"start":{"line":32,"column":20},"end":{"line":32,"column":70}},{"start":{"line":33,"column":20},"end":{"line":33,"column":26}}]},"3":{"line":37,"type":"cond-expr","locations":[{"start":{"line":38,"column":14},"end":{"line":38,"column":20}},{"start":{"line":39,"column":14},"end":{"line":39,"column":20}}]},"4":{"line":40,"type":"switch","locations":[{"start":{"line":42,"column":8},"end":{"line":47,"column":18}},{"start":{"line":49,"column":8},"end":{"line":52,"column":18}}]},"5":{"line":44,"type":"binary-expr","locations":[{"start":{"line":44,"column":16},"end":{"line":44,"column":44}},{"start":{"line":44,"column":48},"end":{"line":44,"column":66}}]},"6":{"line":50,"type":"binary-expr","locations":[{"start":{"line":50,"column":21},"end":{"line":50,"column":49}},{"start":{"line":50,"column":53},"end":{"line":50,"column":72}}]},"7":{"line":64,"type":"switch","locations":[{"start":{"line":69,"column":4},"end":{"line":70,"column":14}},{"start":{"line":75,"column":4},"end":{"line":76,"column":14}}]},"8":{"line":85,"type":"switch","locations":[{"start":{"line":90,"column":4},"end":{"line":105,"column":14}},{"start":{"line":111,"column":4},"end":{"line":193,"column":14},"skip":true}]},"9":{"line":91,"type":"binary-expr","locations":[{"start":{"line":91,"column":42},"end":{"line":91,"column":73}},{"start":{"line":91,"column":77},"end":{"line":99,"column":9}}]},"10":{"line":102,"type":"binary-expr","locations":[{"start":{"line":102,"column":18},"end":{"line":102,"column":32}},{"start":{"line":103,"column":12},"end":{"line":103,"column":53}},{"start":{"line":104,"column":12},"end":{"line":104,"column":61}}]},"11":{"line":112,"type":"binary-expr","locations":[{"start":{"line":112,"column":45},"end":{"line":112,"column":79},"skip":true},{"start":{"line":112,"column":83},"end":{"line":121,"column":9},"skip":true}]},"12":{"line":123,"type":"binary-expr","locations":[{"start":{"line":123,"column":42},"end":{"line":123,"column":73},"skip":true},{"start":{"line":123,"column":77},"end":{"line":136,"column":9},"skip":true}]},"13":{"line":138,"type":"binary-expr","locations":[{"start":{"line":138,"column":48},"end":{"line":138,"column":85},"skip":true},{"start":{"line":139,"column":12},"end":{"line":145,"column":13},"skip":true}]},"14":{"line":147,"type":"binary-expr","locations":[{"start":{"line":147,"column":42},"end":{"line":147,"column":73},"skip":true},{"start":{"line":147,"column":77},"end":{"line":156,"column":9},"skip":true}]},"15":{"line":158,"type":"binary-expr","locations":[{"start":{"line":158,"column":45},"end":{"line":158,"column":79},"skip":true},{"start":{"line":158,"column":83},"end":{"line":167,"column":9},"skip":true}]},"16":{"line":169,"type":"binary-expr","locations":[{"start":{"line":169,"column":43},"end":{"line":169,"column":75},"skip":true},{"start":{"line":169,"column":79},"end":{"line":178,"column":9},"skip":true}]},"17":{"line":180,"type":"binary-expr","locations":[{"start":{"line":180,"column":41},"end":{"line":180,"column":71},"skip":true},{"start":{"line":180,"column":75},"end":{"line":189,"column":9},"skip":true}]}},"code":["/* istanbul instrument in package npmtest_chokidar */","/*jslint","    bitwise: true,","    browser: true,","    maxerr: 8,","    maxlen: 96,","    node: true,","    nomen: true,","    regexp: true,","    stupid: true","*/","(function () {","    'use strict';","    var local;","","","","    // run shared js-env code - init-before","    (function () {","        // init local","        local = {};","        // init modeJs","        local.modeJs = (function () {","            try {","                return typeof navigator.userAgent === 'string' &&","                    typeof document.querySelector('body') === 'object' &&","                    typeof XMLHttpRequest.prototype.open === 'function' &&","                    'browser';","            } catch (errorCaughtBrowser) {","                return module.exports &&","                    typeof process.versions.node === 'string' &&","                    typeof require('http').createServer === 'function' &&","                    'node';","            }","        }());","        // init global","        local.global = local.modeJs === 'browser'","            ? window","            : global;","        switch (local.modeJs) {","        // re-init local from window.local","        case 'browser':","            local = local.global.utility2.objectSetDefault(","                local.global.utility2_rollup || local.global.local,","                local.global.utility2","            );","            break;","        // re-init local from example.js","        case 'node':","            local = (local.global.utility2_rollup || require('utility2'))","                .requireReadme();","            break;","        }","        // export local","        local.global.local = local;","    }());","","","","    // run shared js-env code - function","    (function () {","        return;","    }());","    switch (local.modeJs) {","","","","    // run browser js-env code - function","    case 'browser':","        break;","","","","    // run node js-env code - function","    case 'node':","        break;","    }","","","","    // run shared js-env code - init-after","    (function () {","        return;","    }());","    switch (local.modeJs) {","","","","    // run browser js-env code - init-after","    case 'browser':","        local.testCase_browser_nullCase = local.testCase_browser_nullCase || function (","            options,","            onError","        ) {","        /*","         * this function will test browsers's null-case handling-behavior-behavior","         */","            onError(null, options);","        };","","        // run tests","        local.nop(local.modeTest &&","            document.querySelector('#testRunButton1') &&","            document.querySelector('#testRunButton1').click());","        break;","","","","    // run node js-env code - init-after","    /* istanbul ignore next */","    case 'node':","        local.testCase_buildApidoc_default = local.testCase_buildApidoc_default || function (","            options,","            onError","        ) {","        /*","         * this function will test buildApidoc's default handling-behavior-behavior","         */","            options = { modulePathList: module.paths };","            local.buildApidoc(options, onError);","        };","","        local.testCase_buildApp_default = local.testCase_buildApp_default || function (","            options,","            onError","        ) {","        /*","         * this function will test buildApp's default handling-behavior-behavior","         */","            local.testCase_buildReadme_default(options, local.onErrorThrow);","            local.testCase_buildLib_default(options, local.onErrorThrow);","            local.testCase_buildTest_default(options, local.onErrorThrow);","            local.testCase_buildCustomOrg_default(options, local.onErrorThrow);","            options = [];","            local.buildApp(options, onError);","        };","","        local.testCase_buildCustomOrg_default = local.testCase_buildCustomOrg_default ||","            function (options, onError) {","            /*","             * this function will test buildCustomOrg's default handling-behavior","             */","                options = {};","                local.buildCustomOrg(options, onError);","            };","","        local.testCase_buildLib_default = local.testCase_buildLib_default || function (","            options,","            onError","        ) {","        /*","         * this function will test buildLib's default handling-behavior","         */","            options = {};","            local.buildLib(options, onError);","        };","","        local.testCase_buildReadme_default = local.testCase_buildReadme_default || function (","            options,","            onError","        ) {","        /*","         * this function will test buildReadme's default handling-behavior-behavior","         */","            options = {};","            local.buildReadme(options, onError);","        };","","        local.testCase_buildTest_default = local.testCase_buildTest_default || function (","            options,","            onError","        ) {","        /*","         * this function will test buildTest's default handling-behavior","         */","            options = {};","            local.buildTest(options, onError);","        };","","        local.testCase_webpage_default = local.testCase_webpage_default || function (","            options,","            onError","        ) {","        /*","         * this function will test webpage's default handling-behavior","         */","            options = { modeCoverageMerge: true, url: local.serverLocalHost + '?modeTest=1' };","            local.browserTest(options, onError);","        };","","        // run test-server","        local.testRunServer(local);","        break;","    }","}());",""],"l":{"12":2,"14":2,"19":2,"21":2,"23":2,"24":2,"25":2,"30":1,"37":2,"40":2,"43":1,"47":1,"50":1,"52":1,"55":2,"61":2,"62":2,"64":2,"70":1,"76":1,"82":2,"83":2,"85":2,"91":1,"98":1,"102":1,"105":1,"112":1,"119":1,"120":1,"123":1,"130":1,"131":1,"132":1,"133":1,"134":1,"135":1,"138":1,"143":2,"144":2,"147":1,"154":2,"155":2,"158":1,"165":2,"166":2,"169":1,"176":2,"177":2,"180":1,"187":1,"188":1,"192":1,"193":1}},"/home/travis/build/npmtest/node-npmtest-chokidar/lib.npmtest_chokidar.js":{"path":"/home/travis/build/npmtest/node-npmtest-chokidar/lib.npmtest_chokidar.js","s":{"1":2,"2":2,"3":2,"4":2,"5":2,"6":2,"7":2,"8":1,"9":2,"10":2,"11":2,"12":2,"13":1,"14":1,"15":1,"16":1},"b":{"1":[2,1,1,1],"2":[1,1,1,1],"3":[1,1],"4":[2,2],"5":[1,1]},"f":{"1":2,"2":2,"3":2},"fnMap":{"1":{"name":"(anonymous_1)","line":12,"loc":{"start":{"line":12,"column":1},"end":{"line":12,"column":13}}},"2":{"name":"(anonymous_2)","line":19,"loc":{"start":{"line":19,"column":5},"end":{"line":19,"column":17}}},"3":{"name":"(anonymous_3)","line":23,"loc":{"start":{"line":23,"column":24},"end":{"line":23,"column":36}}}},"statementMap":{"1":{"start":{"line":12,"column":0},"end":{"line":53,"column":5}},"2":{"start":{"line":14,"column":4},"end":{"line":14,"column":14}},"3":{"start":{"line":19,"column":4},"end":{"line":52,"column":9}},"4":{"start":{"line":21,"column":8},"end":{"line":21,"column":19}},"5":{"start":{"line":23,"column":8},"end":{"line":35,"column":13}},"6":{"start":{"line":24,"column":12},"end":{"line":34,"column":13}},"7":{"start":{"line":25,"column":16},"end":{"line":28,"column":30}},"8":{"start":{"line":30,"column":16},"end":{"line":33,"column":27}},"9":{"start":{"line":37,"column":8},"end":{"line":39,"column":21}},"10":{"start":{"line":41,"column":8},"end":{"line":41,"column":54}},"11":{"start":{"line":43,"column":8},"end":{"line":43,"column":53}},"12":{"start":{"line":45,"column":8},"end":{"line":51,"column":9}},"13":{"start":{"line":46,"column":12},"end":{"line":46,"column":59}},"14":{"start":{"line":48,"column":12},"end":{"line":48,"column":35}},"15":{"start":{"line":49,"column":12},"end":{"line":49,"column":49}},"16":{"start":{"line":50,"column":12},"end":{"line":50,"column":43}}},"branchMap":{"1":{"line":25,"type":"binary-expr","locations":[{"start":{"line":25,"column":23},"end":{"line":25,"column":62}},{"start":{"line":26,"column":20},"end":{"line":26,"column":70}},{"start":{"line":27,"column":20},"end":{"line":27,"column":71}},{"start":{"line":28,"column":20},"end":{"line":28,"column":29}}]},"2":{"line":30,"type":"binary-expr","locations":[{"start":{"line":30,"column":23},"end":{"line":30,"column":37}},{"start":{"line":31,"column":20},"end":{"line":31,"column":61}},{"start":{"line":32,"column":20},"end":{"line":32,"column":70}},{"start":{"line":33,"column":20},"end":{"line":33,"column":26}}]},"3":{"line":37,"type":"cond-expr","locations":[{"start":{"line":38,"column":14},"end":{"line":38,"column":20}},{"start":{"line":39,"column":14},"end":{"line":39,"column":20}}]},"4":{"line":41,"type":"binary-expr","locations":[{"start":{"line":41,"column":16},"end":{"line":41,"column":44}},{"start":{"line":41,"column":48},"end":{"line":41,"column":53}}]},"5":{"line":45,"type":"if","locations":[{"start":{"line":45,"column":8},"end":{"line":45,"column":8}},{"start":{"line":45,"column":8},"end":{"line":45,"column":8}}]}},"code":["/* istanbul instrument in package npmtest_chokidar */","/*jslint","    bitwise: true,","    browser: true,","    maxerr: 8,","    maxlen: 96,","    node: true,","    nomen: true,","    regexp: true,","    stupid: true","*/","(function () {","    'use strict';","    var local;","","","","    // run shared js-env code - init-before","    (function () {","        // init local","        local = {};","        // init modeJs","        local.modeJs = (function () {","            try {","                return typeof navigator.userAgent === 'string' &&","                    typeof document.querySelector('body') === 'object' &&","                    typeof XMLHttpRequest.prototype.open === 'function' &&","                    'browser';","            } catch (errorCaughtBrowser) {","                return module.exports &&","                    typeof process.versions.node === 'string' &&","                    typeof require('http').createServer === 'function' &&","                    'node';","            }","        }());","        // init global","        local.global = local.modeJs === 'browser'","            ? window","            : global;","        // init utility2_rollup","        local = local.global.utility2_rollup || local;","        // init lib","        local.local = local.npmtest_chokidar = local;","        // init exports","        if (local.modeJs === 'browser') {","            local.global.utility2_npmtest_chokidar = local;","        } else {","            module.exports = local;","            module.exports.__dirname = __dirname;","            module.exports.module = module;","        }","    }());","}());",""],"l":{"12":2,"14":2,"19":2,"21":2,"23":2,"24":2,"25":2,"30":1,"37":2,"41":2,"43":2,"45":2,"46":1,"48":1,"49":1,"50":1}},"/home/travis/build/npmtest/node-npmtest-chokidar/example.js":{"path":"/home/travis/build/npmtest/node-npmtest-chokidar/example.js","s":{"1":2,"2":2,"3":2,"4":2,"5":2,"6":2,"7":2,"8":1,"9":2,"10":2,"11":2,"12":2,"13":1,"14":2,"15":2,"16":2,"17":2,"18":2,"19":0,"20":2,"21":1,"22":1,"23":1,"24":1,"25":1,"26":0,"27":0,"28":1,"29":1,"30":2,"31":0,"32":0,"33":0,"34":1,"35":2,"36":2,"37":3,"38":3,"39":3,"40":3,"41":0,"42":3,"43":3,"44":3,"45":1,"46":3,"47":1,"48":1,"49":1,"50":1,"51":1,"52":1,"53":1,"54":1,"55":1,"56":1,"57":0,"58":1,"59":6,"60":6,"61":1,"62":2,"63":0,"64":2,"65":1,"66":1,"67":0,"68":0,"69":0,"70":0,"71":0,"72":0,"73":0,"74":0,"75":0,"76":0,"77":0,"78":0,"79":0,"80":0,"81":0,"82":0,"83":0},"b":{"1":[2,1,1,1],"2":[1,1,1,1],"3":[1,1],"4":[2,2],"5":[1,1],"6":[1,1],"7":[2,0],"8":[2,1,1,1,1,1],"9":[0,2,0],"10":[1,1],"11":[2,1,1],"12":[1,0],"13":[0,2],"14":[2,0,0,0,0,0,0],"15":[0,3],"16":[3,0],"17":[1,1],"18":[0,1],"19":[1,2,0,2],"20":[1,0],"21":[1,1],"22":[0,0],"23":[0,0],"24":[0,0],"25":[0,0],"26":[0,0],"27":[0,0],"28":[0,0]},"f":{"1":2,"2":2,"3":2,"4":2,"5":2,"6":2,"7":3,"8":3,"9":3,"10":1,"11":6,"12":0},"fnMap":{"1":{"name":"(anonymous_1)","line":26,"loc":{"start":{"line":26,"column":1},"end":{"line":26,"column":13}}},"2":{"name":"(anonymous_2)","line":33,"loc":{"start":{"line":33,"column":5},"end":{"line":33,"column":17}}},"3":{"name":"(anonymous_3)","line":37,"loc":{"start":{"line":37,"column":24},"end":{"line":37,"column":36}}},"4":{"name":"(anonymous_4)","line":69,"loc":{"start":{"line":69,"column":31},"end":{"line":69,"column":48}},"skip":true},"5":{"name":"(anonymous_5)","line":78,"loc":{"start":{"line":78,"column":26},"end":{"line":78,"column":45}},"skip":true},"6":{"name":"(anonymous_6)","line":123,"loc":{"start":{"line":123,"column":33},"end":{"line":123,"column":48}},"skip":true},"7":{"name":"(anonymous_7)","line":125,"loc":{"start":{"line":125,"column":27},"end":{"line":125,"column":39}},"skip":true},"8":{"name":"(anonymous_8)","line":133,"loc":{"start":{"line":133,"column":59},"end":{"line":133,"column":74}},"skip":true},"9":{"name":"(anonymous_9)","line":143,"loc":{"start":{"line":143,"column":45},"end":{"line":143,"column":62}},"skip":true},"10":{"name":"(anonymous_10)","line":144,"loc":{"start":{"line":144,"column":73},"end":{"line":144,"column":92}},"skip":true},"11":{"name":"(anonymous_11)","line":272,"loc":{"start":{"line":272,"column":51},"end":{"line":272,"column":77}},"skip":true},"12":{"name":"(anonymous_12)","line":315,"loc":{"start":{"line":315,"column":32},"end":{"line":315,"column":61}},"skip":true}},"statementMap":{"1":{"start":{"line":26,"column":0},"end":{"line":326,"column":5}},"2":{"start":{"line":28,"column":4},"end":{"line":28,"column":14}},"3":{"start":{"line":33,"column":4},"end":{"line":60,"column":9}},"4":{"start":{"line":35,"column":8},"end":{"line":35,"column":19}},"5":{"start":{"line":37,"column":8},"end":{"line":49,"column":13}},"6":{"start":{"line":38,"column":12},"end":{"line":48,"column":13}},"7":{"start":{"line":39,"column":16},"end":{"line":42,"column":30}},"8":{"start":{"line":44,"column":16},"end":{"line":47,"column":27}},"9":{"start":{"line":51,"column":8},"end":{"line":53,"column":21}},"10":{"start":{"line":55,"column":8},"end":{"line":57,"column":45}},"11":{"start":{"line":59,"column":8},"end":{"line":59,"column":35}},"12":{"start":{"line":61,"column":4},"end":{"line":325,"column":5}},"13":{"start":{"line":69,"column":8},"end":{"line":121,"column":10},"skip":true},"14":{"start":{"line":70,"column":12},"end":{"line":88,"column":13},"skip":true},"15":{"start":{"line":76,"column":16},"end":{"line":87,"column":19},"skip":true},"16":{"start":{"line":79,"column":20},"end":{"line":86,"column":21},"skip":true},"17":{"start":{"line":82,"column":24},"end":{"line":82,"column":43},"skip":true},"18":{"start":{"line":83,"column":24},"end":{"line":83,"column":30},"skip":true},"19":{"start":{"line":85,"column":24},"end":{"line":85,"column":49},"skip":true},"20":{"start":{"line":89,"column":12},"end":{"line":107,"column":13},"skip":true},"21":{"start":{"line":92,"column":16},"end":{"line":102,"column":17},"skip":true},"22":{"start":{"line":93,"column":20},"end":{"line":93,"column":86},"skip":true},"23":{"start":{"line":94,"column":20},"end":{"line":95,"column":45},"skip":true},"24":{"start":{"line":96,"column":20},"end":{"line":96,"column":42},"skip":true},"25":{"start":{"line":97,"column":20},"end":{"line":97,"column":48},"skip":true},"26":{"start":{"line":100,"column":20},"end":{"line":100,"column":85},"skip":true},"27":{"start":{"line":101,"column":20},"end":{"line":101,"column":96},"skip":true},"28":{"start":{"line":103,"column":16},"end":{"line":103,"column":22},"skip":true},"29":{"start":{"line":106,"column":16},"end":{"line":106,"column":22},"skip":true},"30":{"start":{"line":108,"column":12},"end":{"line":120,"column":13},"skip":true},"31":{"start":{"line":114,"column":16},"end":{"line":119,"column":17},"skip":true},"32":{"start":{"line":116,"column":20},"end":{"line":116,"column":78},"skip":true},"33":{"start":{"line":118,"column":20},"end":{"line":118,"column":47},"skip":true},"34":{"start":{"line":123,"column":8},"end":{"line":141,"column":11},"skip":true},"35":{"start":{"line":124,"column":12},"end":{"line":124,"column":54},"skip":true},"36":{"start":{"line":125,"column":12},"end":{"line":140,"column":14},"skip":true},"37":{"start":{"line":126,"column":16},"end":{"line":126,"column":28},"skip":true},"38":{"start":{"line":127,"column":16},"end":{"line":127,"column":69},"skip":true},"39":{"start":{"line":128,"column":16},"end":{"line":128,"column":75},"skip":true},"40":{"start":{"line":129,"column":16},"end":{"line":131,"column":17},"skip":true},"41":{"start":{"line":130,"column":20},"end":{"line":130,"column":27},"skip":true},"42":{"start":{"line":133,"column":16},"end":{"line":137,"column":36},"skip":true},"43":{"start":{"line":134,"column":20},"end":{"line":136,"column":55},"skip":true},"44":{"start":{"line":139,"column":16},"end":{"line":139,"column":57},"skip":true},"45":{"start":{"line":143,"column":8},"end":{"line":147,"column":11},"skip":true},"46":{"start":{"line":144,"column":12},"end":{"line":146,"column":15},"skip":true},"47":{"start":{"line":145,"column":16},"end":{"line":145,"column":70},"skip":true},"48":{"start":{"line":149,"column":8},"end":{"line":149,"column":31},"skip":true},"49":{"start":{"line":150,"column":8},"end":{"line":150,"column":14},"skip":true},"50":{"start":{"line":158,"column":8},"end":{"line":158,"column":31},"skip":true},"51":{"start":{"line":160,"column":8},"end":{"line":160,"column":33},"skip":true},"52":{"start":{"line":161,"column":8},"end":{"line":161,"column":37},"skip":true},"53":{"start":{"line":162,"column":8},"end":{"line":162,"column":35},"skip":true},"54":{"start":{"line":164,"column":8},"end":{"line":164,"column":50},"skip":true},"55":{"start":{"line":166,"column":8},"end":{"line":256,"column":2},"skip":true},"56":{"start":{"line":258,"column":8},"end":{"line":286,"column":9},"skip":true},"57":{"start":{"line":259,"column":12},"end":{"line":269,"column":14},"skip":true},"58":{"start":{"line":271,"column":12},"end":{"line":285,"column":19},"skip":true},"59":{"start":{"line":274,"column":20},"end":{"line":274,"column":35},"skip":true},"60":{"start":{"line":275,"column":20},"end":{"line":284,"column":21},"skip":true},"61":{"start":{"line":277,"column":24},"end":{"line":277,"column":64},"skip":true},"62":{"start":{"line":279,"column":24},"end":{"line":279,"column":40},"skip":true},"63":{"start":{"line":281,"column":24},"end":{"line":281,"column":40},"skip":true},"64":{"start":{"line":283,"column":24},"end":{"line":283,"column":39},"skip":true},"65":{"start":{"line":288,"column":8},"end":{"line":290,"column":9},"skip":true},"66":{"start":{"line":289,"column":12},"end":{"line":289,"column":18},"skip":true},"67":{"start":{"line":291,"column":8},"end":{"line":293,"column":54},"skip":true},"68":{"start":{"line":296,"column":8},"end":{"line":301,"column":37},"skip":true},"69":{"start":{"line":303,"column":8},"end":{"line":303,"column":82},"skip":true},"70":{"start":{"line":306,"column":8},"end":{"line":308,"column":9},"skip":true},"71":{"start":{"line":307,"column":12},"end":{"line":307,"column":82},"skip":true},"72":{"start":{"line":310,"column":8},"end":{"line":312,"column":9},"skip":true},"73":{"start":{"line":311,"column":12},"end":{"line":311,"column":18},"skip":true},"74":{"start":{"line":313,"column":8},"end":{"line":313,"column":54},"skip":true},"75":{"start":{"line":314,"column":8},"end":{"line":314,"column":69},"skip":true},"76":{"start":{"line":315,"column":8},"end":{"line":323,"column":36},"skip":true},"77":{"start":{"line":316,"column":12},"end":{"line":316,"column":61},"skip":true},"78":{"start":{"line":317,"column":12},"end":{"line":320,"column":13},"skip":true},"79":{"start":{"line":318,"column":16},"end":{"line":318,"column":75},"skip":true},"80":{"start":{"line":319,"column":16},"end":{"line":319,"column":23},"skip":true},"81":{"start":{"line":321,"column":12},"end":{"line":321,"column":38},"skip":true},"82":{"start":{"line":322,"column":12},"end":{"line":322,"column":27},"skip":true},"83":{"start":{"line":324,"column":8},"end":{"line":324,"column":14},"skip":true}},"branchMap":{"1":{"line":39,"type":"binary-expr","locations":[{"start":{"line":39,"column":23},"end":{"line":39,"column":62}},{"start":{"line":40,"column":20},"end":{"line":40,"column":70}},{"start":{"line":41,"column":20},"end":{"line":41,"column":71}},{"start":{"line":42,"column":20},"end":{"line":42,"column":29}}]},"2":{"line":44,"type":"binary-expr","locations":[{"start":{"line":44,"column":23},"end":{"line":44,"column":37}},{"start":{"line":45,"column":20},"end":{"line":45,"column":61}},{"start":{"line":46,"column":20},"end":{"line":46,"column":70}},{"start":{"line":47,"column":20},"end":{"line":47,"column":26}}]},"3":{"line":51,"type":"cond-expr","locations":[{"start":{"line":52,"column":14},"end":{"line":52,"column":20}},{"start":{"line":53,"column":14},"end":{"line":53,"column":20}}]},"4":{"line":55,"type":"binary-expr","locations":[{"start":{"line":55,"column":16},"end":{"line":55,"column":44}},{"start":{"line":55,"column":49},"end":{"line":57,"column":43}}]},"5":{"line":55,"type":"cond-expr","locations":[{"start":{"line":56,"column":14},"end":{"line":56,"column":52}},{"start":{"line":57,"column":14},"end":{"line":57,"column":43}}]},"6":{"line":61,"type":"switch","locations":[{"start":{"line":68,"column":4},"end":{"line":150,"column":14},"skip":true},{"start":{"line":156,"column":4},"end":{"line":324,"column":14},"skip":true}]},"7":{"line":70,"type":"if","locations":[{"start":{"line":70,"column":12},"end":{"line":70,"column":12},"skip":true},{"start":{"line":70,"column":12},"end":{"line":70,"column":12},"skip":true}]},"8":{"line":70,"type":"binary-expr","locations":[{"start":{"line":70,"column":16},"end":{"line":70,"column":22},"skip":true},{"start":{"line":70,"column":27},"end":{"line":70,"column":32},"skip":true},{"start":{"line":71,"column":20},"end":{"line":71,"column":39},"skip":true},{"start":{"line":72,"column":20},"end":{"line":72,"column":49},"skip":true},{"start":{"line":73,"column":20},"end":{"line":73,"column":58},"skip":true},{"start":{"line":74,"column":20},"end":{"line":74,"column":69},"skip":true}]},"9":{"line":79,"type":"switch","locations":[{"start":{"line":80,"column":20},"end":{"line":80,"column":33},"skip":true},{"start":{"line":81,"column":20},"end":{"line":83,"column":30},"skip":true},{"start":{"line":84,"column":20},"end":{"line":85,"column":49},"skip":true}]},"10":{"line":89,"type":"switch","locations":[{"start":{"line":90,"column":12},"end":{"line":103,"column":22},"skip":true},{"start":{"line":105,"column":12},"end":{"line":106,"column":22},"skip":true}]},"11":{"line":89,"type":"binary-expr","locations":[{"start":{"line":89,"column":20},"end":{"line":89,"column":25},"skip":true},{"start":{"line":89,"column":29},"end":{"line":89,"column":48},"skip":true},{"start":{"line":89,"column":52},"end":{"line":89,"column":74},"skip":true}]},"12":{"line":92,"type":"if","locations":[{"start":{"line":92,"column":16},"end":{"line":92,"column":16},"skip":true},{"start":{"line":92,"column":16},"end":{"line":92,"column":16},"skip":true}]},"13":{"line":108,"type":"if","locations":[{"start":{"line":108,"column":12},"end":{"line":108,"column":12},"skip":true},{"start":{"line":108,"column":12},"end":{"line":108,"column":12},"skip":true}]},"14":{"line":108,"type":"binary-expr","locations":[{"start":{"line":108,"column":16},"end":{"line":108,"column":61},"skip":true},{"start":{"line":108,"column":66},"end":{"line":108,"column":72},"skip":true},{"start":{"line":108,"column":77},"end":{"line":108,"column":82},"skip":true},{"start":{"line":109,"column":20},"end":{"line":109,"column":39},"skip":true},{"start":{"line":110,"column":20},"end":{"line":110,"column":49},"skip":true},{"start":{"line":111,"column":20},"end":{"line":111,"column":58},"skip":true},{"start":{"line":112,"column":20},"end":{"line":112,"column":68},"skip":true}]},"15":{"line":129,"type":"if","locations":[{"start":{"line":129,"column":16},"end":{"line":129,"column":16},"skip":true},{"start":{"line":129,"column":16},"end":{"line":129,"column":16},"skip":true}]},"16":{"line":134,"type":"cond-expr","locations":[{"start":{"line":135,"column":26},"end":{"line":135,"column":29},"skip":true},{"start":{"line":136,"column":26},"end":{"line":136,"column":54},"skip":true}]},"17":{"line":164,"type":"binary-expr","locations":[{"start":{"line":164,"column":27},"end":{"line":164,"column":43},"skip":true},{"start":{"line":164,"column":47},"end":{"line":164,"column":49},"skip":true}]},"18":{"line":258,"type":"if","locations":[{"start":{"line":258,"column":8},"end":{"line":258,"column":8},"skip":true},{"start":{"line":258,"column":8},"end":{"line":258,"column":8},"skip":true}]},"19":{"line":275,"type":"switch","locations":[{"start":{"line":276,"column":20},"end":{"line":277,"column":64},"skip":true},{"start":{"line":278,"column":20},"end":{"line":279,"column":40},"skip":true},{"start":{"line":280,"column":20},"end":{"line":281,"column":40},"skip":true},{"start":{"line":282,"column":20},"end":{"line":283,"column":39},"skip":true}]},"20":{"line":288,"type":"if","locations":[{"start":{"line":288,"column":8},"end":{"line":288,"column":8},"skip":true},{"start":{"line":288,"column":8},"end":{"line":288,"column":8},"skip":true}]},"21":{"line":288,"type":"binary-expr","locations":[{"start":{"line":288,"column":12},"end":{"line":288,"column":40},"skip":true},{"start":{"line":288,"column":44},"end":{"line":288,"column":67},"skip":true}]},"22":{"line":292,"type":"binary-expr","locations":[{"start":{"line":292,"column":12},"end":{"line":292,"column":50},"skip":true},{"start":{"line":293,"column":12},"end":{"line":293,"column":53},"skip":true}]},"23":{"line":297,"type":"binary-expr","locations":[{"start":{"line":297,"column":12},"end":{"line":297,"column":66},"skip":true},{"start":{"line":298,"column":12},"end":{"line":301,"column":36},"skip":true}]},"24":{"line":303,"type":"binary-expr","locations":[{"start":{"line":303,"column":43},"end":{"line":303,"column":75},"skip":true},{"start":{"line":303,"column":79},"end":{"line":303,"column":81},"skip":true}]},"25":{"line":306,"type":"if","locations":[{"start":{"line":306,"column":8},"end":{"line":306,"column":8},"skip":true},{"start":{"line":306,"column":8},"end":{"line":306,"column":8},"skip":true}]},"26":{"line":310,"type":"if","locations":[{"start":{"line":310,"column":8},"end":{"line":310,"column":8},"skip":true},{"start":{"line":310,"column":8},"end":{"line":310,"column":8},"skip":true}]},"27":{"line":313,"type":"binary-expr","locations":[{"start":{"line":313,"column":27},"end":{"line":313,"column":43},"skip":true},{"start":{"line":313,"column":47},"end":{"line":313,"column":53},"skip":true}]},"28":{"line":317,"type":"if","locations":[{"start":{"line":317,"column":12},"end":{"line":317,"column":12},"skip":true},{"start":{"line":317,"column":12},"end":{"line":317,"column":12},"skip":true}]}},"code":["/*","example.js","","quickstart example","","instruction","    1. save this script as example.js","    2. run the shell command:","        $ npm install npmtest-chokidar && PORT=8081 node example.js","    3. play with the browser-demo on http://127.0.0.1:8081","*/","","","","/* istanbul instrument in package npmtest_chokidar */","/*jslint","    bitwise: true,","    browser: true,","    maxerr: 8,","    maxlen: 96,","    node: true,","    nomen: true,","    regexp: true,","    stupid: true","*/","(function () {","    'use strict';","    var local;","","","","    // run shared js-env code - init-before","    (function () {","        // init local","        local = {};","        // init modeJs","        local.modeJs = (function () {","            try {","                return typeof navigator.userAgent === 'string' &&","                    typeof document.querySelector('body') === 'object' &&","                    typeof XMLHttpRequest.prototype.open === 'function' &&","                    'browser';","            } catch (errorCaughtBrowser) {","                return module.exports &&","                    typeof process.versions.node === 'string' &&","                    typeof require('http').createServer === 'function' &&","                    'node';","            }","        }());","        // init global","        local.global = local.modeJs === 'browser'","            ? window","            : global;","        // init utility2_rollup","        local = local.global.utility2_rollup || (local.modeJs === 'browser'","            ? local.global.utility2_npmtest_chokidar","            : global.utility2_moduleExports);","        // export local","        local.global.local = local;","    }());","    switch (local.modeJs) {","","","","    // init-after","    // run browser js-env code - init-after","    /* istanbul ignore next */","    case 'browser':","        local.testRunBrowser = function (event) {","            if (!event || (event &&","                    event.currentTarget &&","                    event.currentTarget.className &&","                    event.currentTarget.className.includes &&","                    event.currentTarget.className.includes('onreset'))) {","                // reset output","                Array.from(","                    document.querySelectorAll('body > .resettable')","                ).forEach(function (element) {","                    switch (element.tagName) {","                    case 'INPUT':","                    case 'TEXTAREA':","                        element.value = '';","                        break;","                    default:","                        element.textContent = '';","                    }","                });","            }","            switch (event && event.currentTarget && event.currentTarget.id) {","            case 'testRunButton1':","                // show tests","                if (document.querySelector('#testReportDiv1').style.display === 'none') {","                    document.querySelector('#testReportDiv1').style.display = 'block';","                    document.querySelector('#testRunButton1').textContent =","                        'hide internal test';","                    local.modeTest = true;","                    local.testRunDefault(local);","                // hide tests","                } else {","                    document.querySelector('#testReportDiv1').style.display = 'none';","                    document.querySelector('#testRunButton1').textContent = 'run internal test';","                }","                break;","            // custom-case","            default:","                break;","            }","            if (document.querySelector('#inputTextareaEval1') && (!event || (event &&","                    event.currentTarget &&","                    event.currentTarget.className &&","                    event.currentTarget.className.includes &&","                    event.currentTarget.className.includes('oneval')))) {","                // try to eval input-code","                try {","                    /*jslint evil: true*/","                    eval(document.querySelector('#inputTextareaEval1').value);","                } catch (errorCaught) {","                    console.error(errorCaught);","                }","            }","        };","        // log stderr and stdout to #outputTextareaStdout1","        ['error', 'log'].forEach(function (key) {","            console[key + '_original'] = console[key];","            console[key] = function () {","                var element;","                console[key + '_original'].apply(console, arguments);","                element = document.querySelector('#outputTextareaStdout1');","                if (!element) {","                    return;","                }","                // append text to #outputTextareaStdout1","                element.value += Array.from(arguments).map(function (arg) {","                    return typeof arg === 'string'","                        ? arg","                        : JSON.stringify(arg, null, 4);","                }).join(' ') + '\\n';","                // scroll textarea to bottom","                element.scrollTop = element.scrollHeight;","            };","        });","        // init event-handling","        ['change', 'click', 'keyup'].forEach(function (event) {","            Array.from(document.querySelectorAll('.on' + event)).forEach(function (element) {","                element.addEventListener(event, local.testRunBrowser);","            });","        });","        // run tests","        local.testRunBrowser();","        break;","","","","    // run node js-env code - init-after","    /* istanbul ignore next */","    case 'node':","        // export local","        module.exports = local;","        // require modules","        local.fs = require('fs');","        local.http = require('http');","        local.url = require('url');","        // init assets","        local.assetsDict = local.assetsDict || {};","        /* jslint-ignore-begin */","        local.assetsDict['/assets.index.template.html'] = '\\","<!doctype html>\\n\\","<html lang=\"en\">\\n\\","<head>\\n\\","<meta charset=\"UTF-8\">\\n\\","<meta name=\"viewport\" content=\"width=device-width, initial-scale=1\">\\n\\","<title>{{env.npm_package_name}} (v{{env.npm_package_version}})</title>\\n\\","<style>\\n\\","/*csslint\\n\\","    box-sizing: false,\\n\\","    universal-selector: false\\n\\","*/\\n\\","* {\\n\\","    box-sizing: border-box;\\n\\","}\\n\\","body {\\n\\","    background: #dde;\\n\\","    font-family: Arial, Helvetica, sans-serif;\\n\\","    margin: 2rem;\\n\\","}\\n\\","body > * {\\n\\","    margin-bottom: 1rem;\\n\\","}\\n\\",".utility2FooterDiv {\\n\\","    margin-top: 20px;\\n\\","    text-align: center;\\n\\","}\\n\\","</style>\\n\\","<style>\\n\\","/*csslint\\n\\","*/\\n\\","textarea {\\n\\","    font-family: monospace;\\n\\","    height: 10rem;\\n\\","    width: 100%;\\n\\","}\\n\\","textarea[readonly] {\\n\\","    background: #ddd;\\n\\","}\\n\\","</style>\\n\\","</head>\\n\\","<body>\\n\\","<!-- utility2-comment\\n\\","<div id=\"ajaxProgressDiv1\" style=\"background: #d00; height: 2px; left: 0; margin: 0; padding: 0; position: fixed; top: 0; transition: background 0.5s, width 1.5s; width: 25%;\"></div>\\n\\","utility2-comment -->\\n\\","<h1>\\n\\","<!-- utility2-comment\\n\\","    <a\\n\\","        {{#if env.npm_package_homepage}}\\n\\","        href=\"{{env.npm_package_homepage}}\"\\n\\","        {{/if env.npm_package_homepage}}\\n\\","        target=\"_blank\"\\n\\","    >\\n\\","utility2-comment -->\\n\\","        {{env.npm_package_name}} (v{{env.npm_package_version}})\\n\\","<!-- utility2-comment\\n\\","    </a>\\n\\","utility2-comment -->\\n\\","</h1>\\n\\","<h3>{{env.npm_package_description}}</h3>\\n\\","<!-- utility2-comment\\n\\","<h4><a download href=\"assets.app.js\">download standalone app</a></h4>\\n\\","<button class=\"onclick onreset\" id=\"testRunButton1\">run internal test</button><br>\\n\\","<div id=\"testReportDiv1\" style=\"display: none;\"></div>\\n\\","utility2-comment -->\\n\\","\\n\\","\\n\\","\\n\\","<label>stderr and stdout</label>\\n\\","<textarea class=\"resettable\" id=\"outputTextareaStdout1\" readonly></textarea>\\n\\","<!-- utility2-comment\\n\\","{{#if isRollup}}\\n\\","<script src=\"assets.app.js\"></script>\\n\\","{{#unless isRollup}}\\n\\","utility2-comment -->\\n\\","<script src=\"assets.utility2.rollup.js\"></script>\\n\\","<script src=\"jsonp.utility2._stateInit?callback=window.utility2._stateInit\"></script>\\n\\","<script src=\"assets.npmtest_chokidar.rollup.js\"></script>\\n\\","<script src=\"assets.example.js\"></script>\\n\\","<script src=\"assets.test.js\"></script>\\n\\","<!-- utility2-comment\\n\\","{{/if isRollup}}\\n\\","utility2-comment -->\\n\\","<div class=\"utility2FooterDiv\">\\n\\","    [ this app was created with\\n\\","    <a href=\"https://github.com/kaizhu256/node-utility2\" target=\"_blank\">utility2</a>\\n\\","    ]\\n\\","</div>\\n\\","</body>\\n\\","</html>\\n\\","';","        /* jslint-ignore-end */","        if (local.templateRender) {","            local.assetsDict['/'] = local.templateRender(","                local.assetsDict['/assets.index.template.html'],","                {","                    env: local.objectSetDefault(local.env, {","                        npm_package_description: 'the greatest app in the world!',","                        npm_package_name: 'my-app',","                        npm_package_nameAlias: 'my_app',","                        npm_package_version: '0.0.1'","                    })","                }","            );","        } else {","            local.assetsDict['/'] = local.assetsDict['/assets.index.template.html']","                .replace((/\\{\\{env\\.(\\w+?)\\}\\}/g), function (match0, match1) {","                    // jslint-hack","                    String(match0);","                    switch (match1) {","                    case 'npm_package_description':","                        return 'the greatest app in the world!';","                    case 'npm_package_name':","                        return 'my-app';","                    case 'npm_package_nameAlias':","                        return 'my_app';","                    case 'npm_package_version':","                        return '0.0.1';","                    }","                });","        }","        // run the cli","        if (local.global.utility2_rollup || module !== require.main) {","            break;","        }","        local.assetsDict['/assets.example.js'] =","            local.assetsDict['/assets.example.js'] ||","            local.fs.readFileSync(__filename, 'utf8');","        // bug-workaround - long $npm_package_buildCustomOrg","        /* jslint-ignore-begin */","        local.assetsDict['/assets.npmtest_chokidar.rollup.js'] =","            local.assetsDict['/assets.npmtest_chokidar.rollup.js'] ||","            local.fs.readFileSync(","                local.npmtest_chokidar.__dirname + '/lib.npmtest_chokidar.js',","                'utf8'","            ).replace((/^#!/), '//');","        /* jslint-ignore-end */","        local.assetsDict['/favicon.ico'] = local.assetsDict['/favicon.ico'] || '';","        // if $npm_config_timeout_exit exists,","        // then exit this process after $npm_config_timeout_exit ms","        if (Number(process.env.npm_config_timeout_exit)) {","            setTimeout(process.exit, Number(process.env.npm_config_timeout_exit));","        }","        // start server","        if (local.global.utility2_serverHttp1) {","            break;","        }","        process.env.PORT = process.env.PORT || '8081';","        console.error('server starting on port ' + process.env.PORT);","        local.http.createServer(function (request, response) {","            request.urlParsed = local.url.parse(request.url);","            if (local.assetsDict[request.urlParsed.pathname] !== undefined) {","                response.end(local.assetsDict[request.urlParsed.pathname]);","                return;","            }","            response.statusCode = 404;","            response.end();","        }).listen(process.env.PORT);","        break;","    }","}());",""],"l":{"26":2,"28":2,"33":2,"35":2,"37":2,"38":2,"39":2,"44":1,"51":2,"55":2,"59":2,"61":2,"69":1,"70":2,"76":2,"79":2,"82":2,"83":2,"85":1,"89":2,"92":1,"93":1,"94":1,"96":1,"97":1,"100":1,"101":1,"103":1,"106":1,"108":2,"114":1,"116":1,"118":1,"123":1,"124":2,"125":2,"126":3,"127":3,"128":3,"129":3,"130":1,"133":3,"134":3,"139":3,"143":1,"144":3,"145":1,"149":1,"150":1,"158":1,"160":1,"161":1,"162":1,"164":1,"166":1,"258":1,"259":1,"271":1,"274":6,"275":6,"277":1,"279":2,"281":1,"283":2,"288":1,"289":1,"291":1,"296":1,"303":1,"306":1,"307":1,"310":1,"311":1,"313":1,"314":1,"315":1,"316":1,"317":1,"318":1,"319":1,"321":1,"322":1,"324":1}},"/home/travis/build/npmtest/node-npmtest-chokidar/node_modules/chokidar/index.js":{"path":"/home/travis/build/npmtest/node-npmtest-chokidar/node_modules/chokidar/index.js","s":{"1":1,"2":1,"3":1,"4":1,"5":1,"6":1,"7":1,"8":1,"9":1,"10":1,"11":1,"12":1,"13":0,"14":0,"15":0,"16":1,"17":0,"18":0,"19":0,"20":0,"21":0,"22":0,"23":0,"24":1,"25":0,"26":1,"27":0,"28":0,"29":0,"30":0,"31":0,"32":0,"33":0,"34":0,"35":0,"36":0,"37":0,"38":0,"39":0,"40":1,"41":0,"42":0,"43":0,"44":0,"45":0,"46":0,"47":0,"48":0,"49":0,"50":0,"51":0,"52":0,"53":0,"54":0,"55":0,"56":0,"57":0,"58":0,"59":0,"60":0,"61":0,"62":0,"63":0,"64":0,"65":0,"66":0,"67":0,"68":0,"69":0,"70":0,"71":0,"72":0,"73":0,"74":0,"75":0,"76":0,"77":0,"78":0,"79":0,"80":0,"81":0,"82":0,"83":0,"84":0,"85":0,"86":0,"87":0,"88":0,"89":0,"90":0,"91":0,"92":0,"93":0,"94":0,"95":0,"96":1,"97":1,"98":0,"99":0,"100":0,"101":0,"102":0,"103":0,"104":0,"105":0,"106":0,"107":0,"108":0,"109":0,"110":0,"111":0,"112":0,"113":0,"114":0,"115":0,"116":0,"117":0,"118":0,"119":0,"120":0,"121":0,"122":0,"123":0,"124":0,"125":0,"126":0,"127":0,"128":0,"129":0,"130":0,"131":0,"132":0,"133":0,"134":0,"135":0,"136":0,"137":0,"138":0,"139":0,"140":0,"141":0,"142":0,"143":0,"144":0,"145":0,"146":0,"147":0,"148":0,"149":0,"150":0,"151":0,"152":1,"153":0,"154":0,"155":0,"156":0,"157":0,"158":1,"159":0,"160":0,"161":0,"162":0,"163":0,"164":1,"165":0,"166":0,"167":0,"168":0,"169":0,"170":1,"171":0,"172":0,"173":0,"174":0,"175":0,"176":0,"177":0,"178":0,"179":0,"180":0,"181":0,"182":0,"183":0,"184":0,"185":0,"186":0,"187":0,"188":0,"189":0,"190":0,"191":0,"192":0,"193":0,"194":0,"195":1,"196":1,"197":0,"198":0,"199":0,"200":0,"201":0,"202":0,"203":0,"204":0,"205":0,"206":0,"207":0,"208":0,"209":0,"210":0,"211":0,"212":1,"213":1,"214":0,"215":0,"216":0,"217":0,"218":0,"219":0,"220":0,"221":0,"222":0,"223":0,"224":0,"225":0,"226":0,"227":0,"228":0,"229":0,"230":0,"231":0,"232":0,"233":0,"234":0,"235":0,"236":0,"237":0,"238":0,"239":0,"240":0,"241":0,"242":0,"243":0,"244":0,"245":0,"246":0,"247":0,"248":0,"249":0,"250":0,"251":0,"252":0,"253":1,"254":0,"255":0,"256":0,"257":0,"258":0,"259":0,"260":0,"261":0,"262":0,"263":0,"264":0,"265":0,"266":0,"267":0,"268":1,"269":0,"270":1,"271":0,"272":0,"273":0,"274":0,"275":0,"276":0,"277":0,"278":0,"279":0,"280":0,"281":0,"282":0,"283":0,"284":0,"285":0,"286":0,"287":0,"288":0,"289":0,"290":0,"291":0,"292":0,"293":0,"294":0,"295":0,"296":0,"297":0,"298":0,"299":1,"300":0,"301":0,"302":0,"303":0,"304":0,"305":1,"306":0,"307":0,"308":0,"309":0,"310":0,"311":0,"312":0,"313":0,"314":0,"315":0,"316":0,"317":0,"318":0,"319":0,"320":0,"321":0,"322":0,"323":0,"324":0,"325":0,"326":0,"327":0,"328":0,"329":0,"330":0,"331":0,"332":0,"333":0,"334":0,"335":0,"336":0,"337":0,"338":0,"339":0,"340":0,"341":0,"342":0,"343":0,"344":1,"345":0,"346":0,"347":0,"348":0,"349":0,"350":0,"351":0,"352":0,"353":0,"354":0,"355":0,"356":0,"357":0,"358":0,"359":1,"360":0,"361":0,"362":0,"363":0,"364":0,"365":0,"366":0,"367":0,"368":0,"369":1,"370":0,"371":0,"372":0,"373":0,"374":0,"375":1,"376":1,"377":5,"378":1,"379":1,"380":0,"381":1,"382":1,"383":0},"b":{"1":[0,0],"2":[0,0],"3":[0,0],"4":[0,0],"5":[0,0],"6":[0,0],"7":[0,0],"8":[0,0],"9":[0,0],"10":[0,0],"11":[0,0],"12":[0,0],"13":[0,0],"14":[0,0],"15":[0,0],"16":[0,0],"17":[0,0],"18":[0,0],"19":[0,0],"20":[0,0],"21":[0,0],"22":[0,0],"23":[0,0],"24":[0,0],"25":[0,0],"26":[0,0],"27":[0,0],"28":[0,0],"29":[0,0],"30":[0,0],"31":[0,0],"32":[0,0],"33":[0,0],"34":[0,0],"35":[0,0],"36":[0,0],"37":[0,0],"38":[0,0],"39":[0,0],"40":[0,0],"41":[0,0],"42":[0,0],"43":[0,0],"44":[0,0,0,0],"45":[0,0],"46":[0,0],"47":[0,0],"48":[0,0],"49":[0,0],"50":[0,0],"51":[0,0,0,0,0],"52":[0,0],"53":[0,0],"54":[0,0],"55":[0,0],"56":[0,0],"57":[0,0,0,0,0,0],"58":[0,0],"59":[0,0],"60":[0,0],"61":[0,0],"62":[0,0],"63":[0,0],"64":[0,0],"65":[0,0],"66":[0,0],"67":[0,0],"68":[0,0],"69":[0,0],"70":[0,0],"71":[0,0],"72":[0,0],"73":[0,0],"74":[0,0],"75":[0,0],"76":[0,0],"77":[0,0],"78":[0,0],"79":[0,0],"80":[0,0],"81":[0,0],"82":[0,0],"83":[0,0],"84":[0,0],"85":[0,0],"86":[0,0],"87":[0,0,0,0,0],"88":[0,0],"89":[0,0],"90":[0,0],"91":[0,0],"92":[0,0],"93":[0,0,0],"94":[0,0],"95":[0,0],"96":[0,0],"97":[0,0],"98":[0,0],"99":[0,0],"100":[0,0],"101":[0,0],"102":[0,0],"103":[0,0],"104":[0,0,0],"105":[0,0],"106":[0,0],"107":[0,0],"108":[0,0],"109":[0,0],"110":[0,0],"111":[0,0],"112":[0,0],"113":[0,0],"114":[0,0],"115":[0,0],"116":[0,0],"117":[0,0],"118":[0,0],"119":[0,0],"120":[0,0],"121":[0,0],"122":[0,0],"123":[0,0],"124":[0,0],"125":[0,0],"126":[0,0],"127":[0,0],"128":[0,0],"129":[0,0],"130":[0,0],"131":[0,0],"132":[0,0],"133":[0,0],"134":[0,0],"135":[0,1]},"f":{"1":0,"2":0,"3":0,"4":0,"5":0,"6":0,"7":0,"8":0,"9":0,"10":0,"11":0,"12":0,"13":0,"14":0,"15":0,"16":0,"17":0,"18":0,"19":0,"20":0,"21":0,"22":0,"23":0,"24":0,"25":0,"26":0,"27":0,"28":0,"29":0,"30":0,"31":0,"32":0,"33":0,"34":0,"35":0,"36":0,"37":0,"38":0,"39":0,"40":0,"41":0,"42":0,"43":0,"44":0,"45":0,"46":0,"47":0,"48":0,"49":0,"50":0,"51":0,"52":0,"53":0,"54":0,"55":0,"56":0,"57":1,"58":5,"59":0},"fnMap":{"1":{"name":"(anonymous_1)","line":15,"loc":{"start":{"line":15,"column":13},"end":{"line":15,"column":29}}},"2":{"name":"(anonymous_2)","line":20,"loc":{"start":{"line":20,"column":14},"end":{"line":20,"column":37}}},"3":{"name":"(anonymous_3)","line":22,"loc":{"start":{"line":22,"column":15},"end":{"line":22,"column":30}}},"4":{"name":"(anonymous_4)","line":33,"loc":{"start":{"line":33,"column":15},"end":{"line":33,"column":31}}},"5":{"name":"FSWatcher","line":54,"loc":{"start":{"line":54,"column":0},"end":{"line":54,"column":26}}},"6":{"name":"(anonymous_6)","line":63,"loc":{"start":{"line":63,"column":9},"end":{"line":63,"column":20}}},"7":{"name":"undef","line":69,"loc":{"start":{"line":69,"column":2},"end":{"line":69,"column":22}}},"8":{"name":"(anonymous_8)","line":125,"loc":{"start":{"line":125,"column":22},"end":{"line":125,"column":43}}},"9":{"name":"(anonymous_9)","line":130,"loc":{"start":{"line":130,"column":20},"end":{"line":130,"column":31}}},"10":{"name":"(anonymous_10)","line":158,"loc":{"start":{"line":158,"column":28},"end":{"line":158,"column":68}}},"11":{"name":"(anonymous_11)","line":174,"loc":{"start":{"line":174,"column":17},"end":{"line":174,"column":28}}},"12":{"name":"(anonymous_12)","line":175,"loc":{"start":{"line":175,"column":50},"end":{"line":175,"column":65}}},"13":{"name":"(anonymous_13)","line":190,"loc":{"start":{"line":190,"column":18},"end":{"line":190,"column":29}}},"14":{"name":"(anonymous_14)","line":196,"loc":{"start":{"line":196,"column":18},"end":{"line":196,"column":39}}},"15":{"name":"(anonymous_15)","line":225,"loc":{"start":{"line":225,"column":22},"end":{"line":225,"column":45}}},"16":{"name":"(anonymous_16)","line":245,"loc":{"start":{"line":245,"column":35},"end":{"line":245,"column":51}}},"17":{"name":"(anonymous_17)","line":263,"loc":{"start":{"line":263,"column":32},"end":{"line":263,"column":64}}},"18":{"name":"clear","line":269,"loc":{"start":{"line":269,"column":2},"end":{"line":269,"column":19}}},"19":{"name":"(anonymous_19)","line":286,"loc":{"start":{"line":286,"column":40},"end":{"line":286,"column":82}}},"20":{"name":"(anonymous_20)","line":296,"loc":{"start":{"line":296,"column":26},"end":{"line":296,"column":46}}},"21":{"name":"(anonymous_21)","line":297,"loc":{"start":{"line":297,"column":22},"end":{"line":297,"column":45}}},"22":{"name":"(anonymous_22)","line":324,"loc":{"start":{"line":324,"column":18},"end":{"line":324,"column":29}}},"23":{"name":"(anonymous_23)","line":344,"loc":{"start":{"line":344,"column":33},"end":{"line":344,"column":55}}},"24":{"name":"(anonymous_24)","line":351,"loc":{"start":{"line":351,"column":28},"end":{"line":351,"column":44}}},"25":{"name":"(anonymous_25)","line":357,"loc":{"start":{"line":357,"column":14},"end":{"line":357,"column":29}}},"26":{"name":"(anonymous_26)","line":359,"loc":{"start":{"line":359,"column":13},"end":{"line":359,"column":28}}},"27":{"name":"(anonymous_27)","line":378,"loc":{"start":{"line":378,"column":39},"end":{"line":378,"column":61}}},"28":{"name":"(anonymous_28)","line":387,"loc":{"start":{"line":387,"column":25},"end":{"line":387,"column":41}}},"29":{"name":"(anonymous_29)","line":404,"loc":{"start":{"line":404,"column":18},"end":{"line":404,"column":34}}},"30":{"name":"(anonymous_30)","line":410,"loc":{"start":{"line":410,"column":19},"end":{"line":410,"column":35}}},"31":{"name":"(anonymous_31)","line":419,"loc":{"start":{"line":419,"column":20},"end":{"line":419,"column":35}}},"32":{"name":"(anonymous_32)","line":429,"loc":{"start":{"line":429,"column":18},"end":{"line":429,"column":34}}},"33":{"name":"(anonymous_33)","line":433,"loc":{"start":{"line":433,"column":38},"end":{"line":433,"column":56}}},"34":{"name":"(anonymous_34)","line":462,"loc":{"start":{"line":462,"column":37},"end":{"line":462,"column":57}}},"35":{"name":"(anonymous_35)","line":467,"loc":{"start":{"line":467,"column":9},"end":{"line":467,"column":24}}},"36":{"name":"(anonymous_36)","line":470,"loc":{"start":{"line":470,"column":12},"end":{"line":470,"column":27}}},"37":{"name":"(anonymous_37)","line":473,"loc":{"start":{"line":473,"column":24},"end":{"line":473,"column":38}}},"38":{"name":"(anonymous_38)","line":478,"loc":{"start":{"line":478,"column":9},"end":{"line":478,"column":24}}},"39":{"name":"(anonymous_39)","line":479,"loc":{"start":{"line":479,"column":14},"end":{"line":479,"column":25}}},"40":{"name":"(anonymous_40)","line":493,"loc":{"start":{"line":493,"column":42},"end":{"line":493,"column":58}}},"41":{"name":"(anonymous_41)","line":505,"loc":{"start":{"line":505,"column":30},"end":{"line":505,"column":56}}},"42":{"name":"(anonymous_42)","line":528,"loc":{"start":{"line":528,"column":34},"end":{"line":528,"column":55}}},"43":{"name":"(anonymous_43)","line":558,"loc":{"start":{"line":558,"column":33},"end":{"line":558,"column":48}}},"44":{"name":"(anonymous_44)","line":572,"loc":{"start":{"line":572,"column":26},"end":{"line":572,"column":63}}},"45":{"name":"(anonymous_45)","line":581,"loc":{"start":{"line":581,"column":29},"end":{"line":581,"column":44}}},"46":{"name":"(anonymous_46)","line":592,"loc":{"start":{"line":592,"column":23},"end":{"line":592,"column":38}}},"47":{"name":"(anonymous_47)","line":615,"loc":{"start":{"line":615,"column":21},"end":{"line":615,"column":42}}},"48":{"name":"(anonymous_48)","line":616,"loc":{"start":{"line":616,"column":58},"end":{"line":616,"column":77}}},"49":{"name":"(anonymous_49)","line":620,"loc":{"start":{"line":620,"column":18},"end":{"line":620,"column":43}}},"50":{"name":"(anonymous_50)","line":621,"loc":{"start":{"line":621,"column":22},"end":{"line":621,"column":37}}},"51":{"name":"(anonymous_51)","line":636,"loc":{"start":{"line":636,"column":30},"end":{"line":636,"column":46}}},"52":{"name":"(anonymous_52)","line":640,"loc":{"start":{"line":640,"column":16},"end":{"line":640,"column":31}}},"53":{"name":"(anonymous_53)","line":665,"loc":{"start":{"line":665,"column":28},"end":{"line":665,"column":39}}},"54":{"name":"(anonymous_54)","line":669,"loc":{"start":{"line":669,"column":37},"end":{"line":669,"column":57}}},"55":{"name":"(anonymous_55)","line":682,"loc":{"start":{"line":682,"column":33},"end":{"line":682,"column":44}}},"56":{"name":"(anonymous_56)","line":684,"loc":{"start":{"line":684,"column":37},"end":{"line":684,"column":51}}},"57":{"name":"importHandler","line":692,"loc":{"start":{"line":692,"column":0},"end":{"line":692,"column":32}}},"58":{"name":"(anonymous_58)","line":693,"loc":{"start":{"line":693,"column":41},"end":{"line":693,"column":58}}},"59":{"name":"(anonymous_59)","line":709,"loc":{"start":{"line":709,"column":16},"end":{"line":709,"column":41}}}},"statementMap":{"1":{"start":{"line":2,"column":0},"end":{"line":2,"column":50}},"2":{"start":{"line":3,"column":0},"end":{"line":3,"column":23}},"3":{"start":{"line":4,"column":0},"end":{"line":4,"column":30}},"4":{"start":{"line":5,"column":0},"end":{"line":5,"column":38}},"5":{"start":{"line":6,"column":0},"end":{"line":6,"column":35}},"6":{"start":{"line":7,"column":0},"end":{"line":7,"column":40}},"7":{"start":{"line":8,"column":0},"end":{"line":8,"column":32}},"8":{"start":{"line":9,"column":0},"end":{"line":9,"column":45}},"9":{"start":{"line":10,"column":0},"end":{"line":10,"column":35}},"10":{"start":{"line":12,"column":0},"end":{"line":12,"column":52}},"11":{"start":{"line":13,"column":0},"end":{"line":13,"column":56}},"12":{"start":{"line":15,"column":0},"end":{"line":18,"column":2}},"13":{"start":{"line":16,"column":2},"end":{"line":16,"column":31}},"14":{"start":{"line":16,"column":21},"end":{"line":16,"column":31}},"15":{"start":{"line":17,"column":2},"end":{"line":17,"column":48}},"16":{"start":{"line":20,"column":0},"end":{"line":30,"column":2}},"17":{"start":{"line":21,"column":2},"end":{"line":21,"column":34}},"18":{"start":{"line":21,"column":22},"end":{"line":21,"column":34}},"19":{"start":{"line":22,"column":2},"end":{"line":28,"column":5}},"20":{"start":{"line":23,"column":4},"end":{"line":27,"column":5}},"21":{"start":{"line":24,"column":6},"end":{"line":24,"column":28}},"22":{"start":{"line":26,"column":6},"end":{"line":26,"column":24}},"23":{"start":{"line":29,"column":2},"end":{"line":29,"column":16}},"24":{"start":{"line":33,"column":0},"end":{"line":35,"column":2}},"25":{"start":{"line":34,"column":2},"end":{"line":34,"column":35}},"26":{"start":{"line":54,"column":0},"end":{"line":143,"column":1}},"27":{"start":{"line":55,"column":2},"end":{"line":55,"column":26}},"28":{"start":{"line":56,"column":2},"end":{"line":56,"column":16}},"29":{"start":{"line":58,"column":2},"end":{"line":58,"column":59}},"30":{"start":{"line":58,"column":13},"end":{"line":58,"column":59}},"31":{"start":{"line":58,"column":36},"end":{"line":58,"column":59}},"32":{"start":{"line":59,"column":2},"end":{"line":59,"column":38}},"33":{"start":{"line":60,"column":2},"end":{"line":60,"column":38}},"34":{"start":{"line":61,"column":2},"end":{"line":61,"column":43}},"35":{"start":{"line":62,"column":2},"end":{"line":64,"column":5}},"36":{"start":{"line":63,"column":22},"end":{"line":63,"column":61}},"37":{"start":{"line":65,"column":2},"end":{"line":65,"column":22}},"38":{"start":{"line":66,"column":2},"end":{"line":66,"column":40}},"39":{"start":{"line":67,"column":2},"end":{"line":67,"column":43}},"40":{"start":{"line":69,"column":2},"end":{"line":71,"column":3}},"41":{"start":{"line":70,"column":4},"end":{"line":70,"column":35}},"42":{"start":{"line":74,"column":2},"end":{"line":74,"column":50}},"43":{"start":{"line":74,"column":27},"end":{"line":74,"column":50}},"44":{"start":{"line":75,"column":2},"end":{"line":75,"column":57}},"45":{"start":{"line":75,"column":30},"end":{"line":75,"column":57}},"46":{"start":{"line":76,"column":2},"end":{"line":76,"column":75}},"47":{"start":{"line":76,"column":39},"end":{"line":76,"column":75}},"48":{"start":{"line":77,"column":2},"end":{"line":77,"column":45}},"49":{"start":{"line":77,"column":25},"end":{"line":77,"column":45}},"50":{"start":{"line":78,"column":2},"end":{"line":78,"column":57}},"51":{"start":{"line":78,"column":31},"end":{"line":78,"column":57}},"52":{"start":{"line":79,"column":2},"end":{"line":79,"column":68}},"53":{"start":{"line":82,"column":2},"end":{"line":82,"column":64}},"54":{"start":{"line":82,"column":28},"end":{"line":82,"column":64}},"55":{"start":{"line":85,"column":2},"end":{"line":85,"column":58}},"56":{"start":{"line":85,"column":33},"end":{"line":85,"column":58}},"57":{"start":{"line":89,"column":2},"end":{"line":91,"column":3}},"58":{"start":{"line":90,"column":4},"end":{"line":90,"column":52}},"59":{"start":{"line":95,"column":2},"end":{"line":95,"column":48}},"60":{"start":{"line":96,"column":2},"end":{"line":106,"column":3}},"61":{"start":{"line":97,"column":4},"end":{"line":97,"column":41}},"62":{"start":{"line":99,"column":4},"end":{"line":105,"column":5}},"63":{"start":{"line":100,"column":6},"end":{"line":100,"column":30}},"64":{"start":{"line":101,"column":11},"end":{"line":105,"column":5}},"65":{"start":{"line":102,"column":6},"end":{"line":102,"column":29}},"66":{"start":{"line":104,"column":6},"end":{"line":104,"column":34}},"67":{"start":{"line":109,"column":2},"end":{"line":109,"column":75}},"68":{"start":{"line":109,"column":23},"end":{"line":109,"column":75}},"69":{"start":{"line":110,"column":2},"end":{"line":110,"column":62}},"70":{"start":{"line":110,"column":19},"end":{"line":110,"column":62}},"71":{"start":{"line":112,"column":2},"end":{"line":112,"column":58}},"72":{"start":{"line":112,"column":31},"end":{"line":112,"column":58}},"73":{"start":{"line":114,"column":2},"end":{"line":114,"column":63}},"74":{"start":{"line":114,"column":33},"end":{"line":114,"column":63}},"75":{"start":{"line":115,"column":2},"end":{"line":115,"column":65}},"76":{"start":{"line":115,"column":38},"end":{"line":115,"column":65}},"77":{"start":{"line":116,"column":2},"end":{"line":116,"column":34}},"78":{"start":{"line":117,"column":2},"end":{"line":122,"column":3}},"79":{"start":{"line":118,"column":4},"end":{"line":118,"column":63}},"80":{"start":{"line":118,"column":33},"end":{"line":118,"column":63}},"81":{"start":{"line":119,"column":4},"end":{"line":119,"column":50}},"82":{"start":{"line":119,"column":27},"end":{"line":119,"column":50}},"83":{"start":{"line":121,"column":4},"end":{"line":121,"column":46}},"84":{"start":{"line":123,"column":2},"end":{"line":123,"column":56}},"85":{"start":{"line":123,"column":20},"end":{"line":123,"column":56}},"86":{"start":{"line":125,"column":2},"end":{"line":127,"column":15}},"87":{"start":{"line":126,"column":4},"end":{"line":126,"column":40}},"88":{"start":{"line":129,"column":2},"end":{"line":129,"column":21}},"89":{"start":{"line":130,"column":2},"end":{"line":137,"column":15}},"90":{"start":{"line":131,"column":4},"end":{"line":136,"column":5}},"91":{"start":{"line":132,"column":6},"end":{"line":132,"column":43}},"92":{"start":{"line":133,"column":6},"end":{"line":133,"column":32}},"93":{"start":{"line":135,"column":6},"end":{"line":135,"column":54}},"94":{"start":{"line":139,"column":2},"end":{"line":139,"column":22}},"95":{"start":{"line":142,"column":2},"end":{"line":142,"column":22}},"96":{"start":{"line":145,"column":0},"end":{"line":145,"column":34}},"97":{"start":{"line":158,"column":0},"end":{"line":237,"column":2}},"98":{"start":{"line":159,"column":2},"end":{"line":159,"column":72}},"99":{"start":{"line":159,"column":24},"end":{"line":159,"column":72}},"100":{"start":{"line":160,"column":2},"end":{"line":160,"column":27}},"101":{"start":{"line":161,"column":2},"end":{"line":163,"column":47}},"102":{"start":{"line":161,"column":26},"end":{"line":161,"column":54}},"103":{"start":{"line":162,"column":7},"end":{"line":163,"column":47}},"104":{"start":{"line":162,"column":31},"end":{"line":162,"column":53}},"105":{"start":{"line":163,"column":7},"end":{"line":163,"column":47}},"106":{"start":{"line":163,"column":31},"end":{"line":163,"column":47}},"107":{"start":{"line":165,"column":2},"end":{"line":165,"column":42}},"108":{"start":{"line":166,"column":2},"end":{"line":169,"column":3}},"109":{"start":{"line":167,"column":4},"end":{"line":167,"column":54}},"110":{"start":{"line":168,"column":4},"end":{"line":168,"column":16}},"111":{"start":{"line":171,"column":2},"end":{"line":188,"column":3}},"112":{"start":{"line":172,"column":4},"end":{"line":187,"column":5}},"113":{"start":{"line":173,"column":6},"end":{"line":173,"column":40}},"114":{"start":{"line":174,"column":6},"end":{"line":182,"column":15}},"115":{"start":{"line":175,"column":8},"end":{"line":179,"column":22}},"116":{"start":{"line":176,"column":10},"end":{"line":176,"column":60}},"117":{"start":{"line":177,"column":10},"end":{"line":177,"column":76}},"118":{"start":{"line":178,"column":10},"end":{"line":178,"column":44}},"119":{"start":{"line":183,"column":6},"end":{"line":183,"column":18}},"120":{"start":{"line":184,"column":11},"end":{"line":187,"column":5}},"121":{"start":{"line":185,"column":6},"end":{"line":185,"column":33}},"122":{"start":{"line":186,"column":6},"end":{"line":186,"column":40}},"123":{"start":{"line":190,"column":2},"end":{"line":193,"column":15}},"124":{"start":{"line":191,"column":4},"end":{"line":191,"column":32}},"125":{"start":{"line":192,"column":4},"end":{"line":192,"column":71}},"126":{"start":{"line":192,"column":27},"end":{"line":192,"column":71}},"127":{"start":{"line":195,"column":2},"end":{"line":214,"column":3}},"128":{"start":{"line":196,"column":4},"end":{"line":210,"column":6}},"129":{"start":{"line":197,"column":6},"end":{"line":209,"column":7}},"130":{"start":{"line":198,"column":8},"end":{"line":198,"column":34}},"131":{"start":{"line":199,"column":8},"end":{"line":199,"column":22}},"132":{"start":{"line":200,"column":8},"end":{"line":200,"column":20}},"133":{"start":{"line":201,"column":13},"end":{"line":209,"column":7}},"134":{"start":{"line":203,"column":8},"end":{"line":207,"column":9}},"135":{"start":{"line":204,"column":10},"end":{"line":204,"column":26}},"136":{"start":{"line":206,"column":10},"end":{"line":206,"column":27}},"137":{"start":{"line":208,"column":8},"end":{"line":208,"column":20}},"138":{"start":{"line":212,"column":4},"end":{"line":212,"column":73}},"139":{"start":{"line":213,"column":4},"end":{"line":213,"column":16}},"140":{"start":{"line":216,"column":2},"end":{"line":218,"column":3}},"141":{"start":{"line":217,"column":4},"end":{"line":217,"column":57}},"142":{"start":{"line":217,"column":45},"end":{"line":217,"column":57}},"143":{"start":{"line":220,"column":2},"end":{"line":234,"column":3}},"144":{"start":{"line":224,"column":4},"end":{"line":224,"column":82}},"145":{"start":{"line":225,"column":4},"end":{"line":231,"column":7}},"146":{"start":{"line":227,"column":6},"end":{"line":227,"column":34}},"147":{"start":{"line":227,"column":27},"end":{"line":227,"column":34}},"148":{"start":{"line":229,"column":6},"end":{"line":229,"column":23}},"149":{"start":{"line":230,"column":6},"end":{"line":230,"column":18}},"150":{"start":{"line":233,"column":4},"end":{"line":233,"column":16}},"151":{"start":{"line":236,"column":2},"end":{"line":236,"column":14}},"152":{"start":{"line":245,"column":0},"end":{"line":254,"column":2}},"153":{"start":{"line":246,"column":2},"end":{"line":246,"column":33}},"154":{"start":{"line":247,"column":2},"end":{"line":247,"column":48}},"155":{"start":{"line":248,"column":2},"end":{"line":252,"column":30}},"156":{"start":{"line":252,"column":4},"end":{"line":252,"column":30}},"157":{"start":{"line":253,"column":2},"end":{"line":253,"column":30}},"158":{"start":{"line":263,"column":0},"end":{"line":276,"column":2}},"159":{"start":{"line":264,"column":2},"end":{"line":266,"column":3}},"160":{"start":{"line":265,"column":4},"end":{"line":265,"column":50}},"161":{"start":{"line":267,"column":2},"end":{"line":267,"column":42}},"162":{"start":{"line":268,"column":2},"end":{"line":268,"column":38}},"163":{"start":{"line":268,"column":25},"end":{"line":268,"column":38}},"164":{"start":{"line":269,"column":2},"end":{"line":272,"column":3}},"165":{"start":{"line":270,"column":4},"end":{"line":270,"column":27}},"166":{"start":{"line":271,"column":4},"end":{"line":271,"column":32}},"167":{"start":{"line":273,"column":2},"end":{"line":273,"column":49}},"168":{"start":{"line":274,"column":2},"end":{"line":274,"column":65}},"169":{"start":{"line":275,"column":2},"end":{"line":275,"column":25}},"170":{"start":{"line":286,"column":0},"end":{"line":335,"column":2}},"171":{"start":{"line":287,"column":2},"end":{"line":287,"column":21}},"172":{"start":{"line":289,"column":2},"end":{"line":289,"column":22}},"173":{"start":{"line":290,"column":2},"end":{"line":292,"column":3}},"174":{"start":{"line":291,"column":4},"end":{"line":291,"column":52}},"175":{"start":{"line":294,"column":2},"end":{"line":294,"column":23}},"176":{"start":{"line":296,"column":2},"end":{"line":319,"column":16}},"177":{"start":{"line":297,"column":4},"end":{"line":318,"column":18}},"178":{"start":{"line":298,"column":6},"end":{"line":301,"column":7}},"179":{"start":{"line":299,"column":8},"end":{"line":299,"column":48}},"180":{"start":{"line":299,"column":35},"end":{"line":299,"column":48}},"181":{"start":{"line":300,"column":8},"end":{"line":300,"column":15}},"182":{"start":{"line":303,"column":6},"end":{"line":303,"column":27}},"183":{"start":{"line":305,"column":6},"end":{"line":307,"column":7}},"184":{"start":{"line":306,"column":8},"end":{"line":306,"column":51}},"185":{"start":{"line":309,"column":6},"end":{"line":317,"column":7}},"186":{"start":{"line":310,"column":8},"end":{"line":310,"column":41}},"187":{"start":{"line":311,"column":8},"end":{"line":311,"column":31}},"188":{"start":{"line":313,"column":8},"end":{"line":316,"column":10}},"189":{"start":{"line":321,"column":2},"end":{"line":334,"column":3}},"190":{"start":{"line":322,"column":4},"end":{"line":329,"column":6}},"191":{"start":{"line":325,"column":8},"end":{"line":325,"column":41}},"192":{"start":{"line":326,"column":8},"end":{"line":326,"column":37}},"193":{"start":{"line":327,"column":8},"end":{"line":327,"column":21}},"194":{"start":{"line":330,"column":4},"end":{"line":333,"column":6}},"195":{"start":{"line":343,"column":0},"end":{"line":343,"column":48}},"196":{"start":{"line":344,"column":0},"end":{"line":368,"column":2}},"197":{"start":{"line":345,"column":2},"end":{"line":345,"column":59}},"198":{"start":{"line":345,"column":47},"end":{"line":345,"column":59}},"199":{"start":{"line":347,"column":2},"end":{"line":365,"column":3}},"200":{"start":{"line":348,"column":4},"end":{"line":348,"column":31}},"201":{"start":{"line":349,"column":4},"end":{"line":349,"column":39}},"202":{"start":{"line":350,"column":4},"end":{"line":355,"column":5}},"203":{"start":{"line":351,"column":6},"end":{"line":354,"column":9}},"204":{"start":{"line":352,"column":8},"end":{"line":352,"column":50}},"205":{"start":{"line":352,"column":38},"end":{"line":352,"column":50}},"206":{"start":{"line":353,"column":8},"end":{"line":353,"column":65}},"207":{"start":{"line":356,"column":4},"end":{"line":361,"column":9}},"208":{"start":{"line":358,"column":8},"end":{"line":358,"column":57}},"209":{"start":{"line":360,"column":8},"end":{"line":360,"column":28}},"210":{"start":{"line":362,"column":4},"end":{"line":364,"column":6}},"211":{"start":{"line":367,"column":2},"end":{"line":367,"column":42}},"212":{"start":{"line":377,"column":0},"end":{"line":377,"column":29}},"213":{"start":{"line":378,"column":0},"end":{"line":452,"column":2}},"214":{"start":{"line":379,"column":2},"end":{"line":379,"column":38}},"215":{"start":{"line":380,"column":2},"end":{"line":380,"column":67}},"216":{"start":{"line":381,"column":2},"end":{"line":381,"column":49}},"217":{"start":{"line":382,"column":2},"end":{"line":382,"column":35}},"218":{"start":{"line":383,"column":2},"end":{"line":383,"column":52}},"219":{"start":{"line":384,"column":2},"end":{"line":384,"column":43}},"220":{"start":{"line":385,"column":2},"end":{"line":385,"column":53}},"221":{"start":{"line":387,"column":2},"end":{"line":402,"column":4}},"222":{"start":{"line":390,"column":4},"end":{"line":395,"column":5}},"223":{"start":{"line":391,"column":6},"end":{"line":394,"column":8}},"224":{"start":{"line":397,"column":4},"end":{"line":399,"column":5}},"225":{"start":{"line":398,"column":6},"end":{"line":398,"column":80}},"226":{"start":{"line":401,"column":4},"end":{"line":401,"column":26}},"227":{"start":{"line":404,"column":2},"end":{"line":408,"column":4}},"228":{"start":{"line":405,"column":4},"end":{"line":407,"column":6}},"229":{"start":{"line":410,"column":2},"end":{"line":417,"column":15}},"230":{"start":{"line":411,"column":4},"end":{"line":411,"column":75}},"231":{"start":{"line":411,"column":51},"end":{"line":411,"column":75}},"232":{"start":{"line":412,"column":4},"end":{"line":412,"column":40}},"233":{"start":{"line":413,"column":4},"end":{"line":416,"column":46}},"234":{"start":{"line":419,"column":2},"end":{"line":423,"column":4}},"235":{"start":{"line":420,"column":4},"end":{"line":420,"column":31}},"236":{"start":{"line":420,"column":18},"end":{"line":420,"column":31}},"237":{"start":{"line":421,"column":4},"end":{"line":421,"column":66}},"238":{"start":{"line":422,"column":4},"end":{"line":422,"column":17}},"239":{"start":{"line":425,"column":2},"end":{"line":425,"column":35}},"240":{"start":{"line":426,"column":2},"end":{"line":426,"column":54}},"241":{"start":{"line":426,"column":39},"end":{"line":426,"column":54}},"242":{"start":{"line":427,"column":2},"end":{"line":427,"column":20}},"243":{"start":{"line":429,"column":2},"end":{"line":439,"column":15}},"244":{"start":{"line":430,"column":4},"end":{"line":437,"column":5}},"245":{"start":{"line":431,"column":6},"end":{"line":431,"column":60}},"246":{"start":{"line":432,"column":6},"end":{"line":432,"column":27}},"247":{"start":{"line":433,"column":6},"end":{"line":436,"column":9}},"248":{"start":{"line":434,"column":8},"end":{"line":434,"column":43}},"249":{"start":{"line":434,"column":27},"end":{"line":434,"column":43}},"250":{"start":{"line":435,"column":8},"end":{"line":435,"column":75}},"251":{"start":{"line":438,"column":4},"end":{"line":438,"column":77}},"252":{"start":{"line":441,"column":2},"end":{"line":451,"column":4}},"253":{"start":{"line":462,"column":0},"end":{"line":482,"column":2}},"254":{"start":{"line":463,"column":2},"end":{"line":463,"column":39}},"255":{"start":{"line":464,"column":2},"end":{"line":464,"column":46}},"256":{"start":{"line":465,"column":2},"end":{"line":480,"column":4}},"257":{"start":{"line":465,"column":31},"end":{"line":480,"column":4}},"258":{"start":{"line":468,"column":6},"end":{"line":468,"column":49}},"259":{"start":{"line":468,"column":24},"end":{"line":468,"column":49}},"260":{"start":{"line":471,"column":6},"end":{"line":471,"column":3
[...]
","locations":[{"start":{"line":280,"column":24},"end":{"line":280,"column":34}},{"start":{"line":280,"column":38},"end":{"line":280,"column":46}}]},"48":{"line":283,"type":"if","locations":[{"start":{"line":283,"column":6},"end":{"line":283,"column":6}},{"start":{"line":283,"column":6},"end":{"line":283,"column":6}}]},"49":{"line":283,"type":"binary-expr","locations":[{"start":{"line":283,"column":10},"end":{"line":283,"column":20}},{"start":{"line":283,"column":24},"end":{"line":283,"column":47}}]},"50":{"line":285,"type":"if","locations":[{"start":{"line":285,"column":13},"end":{"line":285,"column":13}},{"start":{"line":285,"column":13},"end":{"line":285,"column":13}}]},"51":{"line":305,"type":"cond-expr","locations":[{"start":{"line":306,"column":4},"end":{"line":306,"column":13}},{"start":{"line":306,"column":16},"end":{"line":306,"column":45}}]},"52":{"line":315,"type":"if","locations":[{"start":{"line":315,"column":4},"end":{"line":315,"column":4}},{"start":{"line":315,"column":4},"end":{"line":315,"column":4}}]},"53":{"line":317,"type":"if","locations":[{"start":{"line":317,"column":4},"end":{"line":317,"column":4}},{"start":{"line":317,"column":4},"end":{"line":317,"column":4}}]},"54":{"line":320,"type":"if","locations":[{"start":{"line":320,"column":4},"end":{"line":320,"column":4}},{"start":{"line":320,"column":4},"end":{"line":320,"column":4}}]},"55":{"line":320,"type":"binary-expr","locations":[{"start":{"line":320,"column":8},"end":{"line":320,"column":35}},{"start":{"line":320,"column":39},"end":{"line":320,"column":56}}]},"56":{"line":321,"type":"cond-expr","locations":[{"start":{"line":321,"column":25},"end":{"line":321,"column":33}},{"start":{"line":321,"column":36},"end":{"line":321,"column":41}}]},"57":{"line":329,"type":"if","locations":[{"start":{"line":329,"column":4},"end":{"line":329,"column":4}},{"start":{"line":329,"column":4},"end":{"line":329,"column":4}}]},"58":{"line":329,"type":"binary-expr","locations":[{"start":{"line":329,"column":8},"end":{"line":329,"column":32}},{"start":{"line":329,"column":36},"end":{"line":329,"column":72}}]},"59":{"line":334,"type":"if","locations":[{"start":{"line":334,"column":4},"end":{"line":334,"column":4}},{"start":{"line":334,"column":4},"end":{"line":334,"column":4}}]},"60":{"line":336,"type":"if","locations":[{"start":{"line":336,"column":6},"end":{"line":336,"column":6}},{"start":{"line":336,"column":6},"end":{"line":336,"column":6}}]},"61":{"line":339,"type":"if","locations":[{"start":{"line":339,"column":6},"end":{"line":339,"column":6}},{"start":{"line":339,"column":6},"end":{"line":339,"column":6}}]},"62":{"line":339,"type":"binary-expr","locations":[{"start":{"line":339,"column":10},"end":{"line":339,"column":20}},{"start":{"line":339,"column":24},"end":{"line":339,"column":55}}]},"63":{"line":348,"type":"binary-expr","locations":[{"start":{"line":348,"column":37},"end":{"line":348,"column":47}},{"start":{"line":348,"column":51},"end":{"line":348,"column":52}}]},"64":{"line":351,"type":"if","locations":[{"start":{"line":351,"column":8},"end":{"line":351,"column":8}},{"start":{"line":351,"column":8},"end":{"line":351,"column":8}}]},"65":{"line":351,"type":"binary-expr","locations":[{"start":{"line":351,"column":12},"end":{"line":351,"column":36}},{"start":{"line":351,"column":40},"end":{"line":351,"column":61}}]},"66":{"line":356,"type":"if","locations":[{"start":{"line":356,"column":8},"end":{"line":356,"column":8}},{"start":{"line":356,"column":8},"end":{"line":356,"column":8}}]},"67":{"line":356,"type":"binary-expr","locations":[{"start":{"line":356,"column":12},"end":{"line":356,"column":29}},{"start":{"line":356,"column":33},"end":{"line":356,"column":60}}]},"68":{"line":359,"type":"cond-expr","locations":[{"start":{"line":360,"column":12},"end":{"line":360,"column":21}},{"start":{"line":360,"column":24},"end":{"line":360,"column":76}}]},"69":{"line":375,"type":"if","locations":[{"start":{"line":375,"column":2},"end":{"line":375,"column":2}},{"start":{"line":375,"column":2},"end":{"line":375,"column":2}}]},"70":{"line":375,"type":"binary-expr","locations":[{"start":{"line":375,"column":6},"end":{"line":375,"column":29}},{"start":{"line":375,"column":33},"end":{"line":375,"column":50}}]},"71":{"line":379,"type":"binary-expr","locations":[{"start":{"line":379,"column":24},"end":{"line":379,"column":32}},{"start":{"line":379,"column":36},"end":{"line":379,"column":48}}]},"72":{"line":383,"type":"if","locations":[{"start":{"line":383,"column":6},"end":{"line":383,"column":6}},{"start":{"line":383,"column":6},"end":{"line":383,"column":6}}]},"73":{"line":386,"type":"if","locations":[{"start":{"line":386,"column":4},"end":{"line":386,"column":4}},{"start":{"line":386,"column":4},"end":{"line":386,"column":4}}]}},"code":["'use strict';","","var fs = require('fs');","var sysPath = require('path');","var readdirp = require('readdirp');","var fsevents;","try { fsevents = require('fsevents'); } catch (error) {}","","// fsevents instance helper functions","","// object to hold per-process fsevents instances","// (may be shared across chokidar FSWatcher instances)","var FSEventsWatchers = Object.create(null);","","// Threshold of duplicate path prefixes at which to start","// consolidating going forward","var consolidateThreshhold = 10;","","// Private function: Instantiates the fsevents interface","","// * path       - string, path to be watched","// * callback   - function, called when fsevents is bound and ready","","// Returns new fsevents instance","function createFSEventsInstance(path, callback) {","  return (new fsevents(path)).on('fsevent', callback).start();","}","","// Private function: Instantiates the fsevents interface or binds listeners","// to an existing one covering the same file tree","","// * path       - string, path to be watched","// * realPath   - string, real path (in case of symlinks)","// * listener   - function, called when fsevents emits events","// * rawEmitter - function, passes data to listeners of the 'raw' event","","// Returns close function","function setFSEventsListener(path, realPath, listener, rawEmitter) {","  var watchPath = sysPath.extname(path) ? sysPath.dirname(path) : path;","  var watchContainer;","  var parentPath = sysPath.dirname(watchPath);","","  // If we've accumulated a substantial number of paths that","  // could have been consolidated by watching one directory","  // above the current one, create a watcher on the parent","  // path instead, so that we do consolidate going forward.","  if (couldConsolidate(parentPath)) {","    watchPath = parentPath;","  }","","  var resolvedPath = sysPath.resolve(path);","  var hasSymlink = resolvedPath !== realPath;","  function filteredListener(fullPath, flags, info) {","    if (hasSymlink) fullPath = fullPath.replace(realPath, resolvedPath);","    if (","      fullPath === resolvedPath ||","      !fullPath.indexOf(resolvedPath + sysPath.sep)","    ) listener(fullPath, flags, info);","  }","","  // check if there is already a watcher on a parent path","  // modifies `watchPath` to the parent path when it finds a match","  function watchedParent() {","    return Object.keys(FSEventsWatchers).some(function(watchedPath) {","      // condition is met when indexOf returns 0","      if (!realPath.indexOf(sysPath.resolve(watchedPath) + sysPath.sep)) {","        watchPath = watchedPath;","        return true;","      }","    });","  }","","  if (watchPath in FSEventsWatchers || watchedParent()) {","    watchContainer = FSEventsWatchers[watchPath];","    watchContainer.listeners.push(filteredListener);","  } else {","    watchContainer = FSEventsWatchers[watchPath] = {","      listeners: [filteredListener],","      rawEmitters: [rawEmitter],","      watcher: createFSEventsInstance(watchPath, function(fullPath, flags) {","        var info = fsevents.getInfo(fullPath, flags);","        watchContainer.listeners.forEach(function(listener) {","          listener(fullPath, flags, info);","        });","        watchContainer.rawEmitters.forEach(function(emitter) {","          emitter(info.event, fullPath, info);","        });","      })","    };","  }","  var listenerIndex = watchContainer.listeners.length - 1;","","  // removes this instance's listeners and closes the underlying fsevents","  // instance if there are no more listeners left","  return function close() {","    delete watchContainer.listeners[listenerIndex];","    delete watchContainer.rawEmitters[listenerIndex];","    if (!Object.keys(watchContainer.listeners).length) {","      watchContainer.watcher.stop();","      delete FSEventsWatchers[watchPath];","    }","  };","}","","// Decide whether or not we should start a new higher-level","// parent watcher","function couldConsolidate(path) {","  var keys = Object.keys(FSEventsWatchers);","  var count = 0;","","  for (var i = 0, len = keys.length; i < len; ++i) {","    var watchPath = keys[i];","    if (watchPath.indexOf(path) === 0) {","      count++;","      if (count >= consolidateThreshhold) {","        return true;","      }","    }","  }","","  return false;","}","","// returns boolean indicating whether fsevents can be used","function canUse() {","  return fsevents && Object.keys(FSEventsWatchers).length < 128;","}","","// determines subdirectory traversal levels from root to path","function depth(path, root) {","  var i = 0;","  while (!path.indexOf(root) && (path = sysPath.dirname(path)) !== root) i++;","  return i;","}","","// fake constructor for attaching fsevents-specific prototype methods that","// will be copied to FSWatcher's prototype","function FsEventsHandler() {}","","// Private method: Handle symlinks encountered during directory scan","","// * watchPath  - string, file/dir path to be watched with fsevents","// * realPath   - string, real path (in case of symlinks)","// * transform  - function, path transformer","// * globFilter - function, path filter in case a glob pattern was provided","","// Returns close function for the watcher instance","FsEventsHandler.prototype._watchWithFsEvents =","function(watchPath, realPath, transform, globFilter) {","  if (this._isIgnored(watchPath)) return;","  var watchCallback = function(fullPath, flags, info) {","    if (","      this.options.depth !== undefined &&","      depth(fullPath, realPath) > this.options.depth","    ) return;","    var path = transform(sysPath.join(","      watchPath, sysPath.relative(watchPath, fullPath)","    ));","    if (globFilter && !globFilter(path)) return;","    // ensure directories are tracked","    var parent = sysPath.dirname(path);","    var item = sysPath.basename(path);","    var watchedDir = this._getWatchedDir(","      info.type === 'directory' ? path : parent","    );","    var checkIgnored = function(stats) {","      if (this._isIgnored(path, stats)) {","        this._ignoredPaths[path] = true;","        if (stats && stats.isDirectory()) {","          this._ignoredPaths[path + '/**/*'] = true;","        }","        return true;","      } else {","        delete this._ignoredPaths[path];","        delete this._ignoredPaths[path + '/**/*'];","      }","    }.bind(this);","","    var handleEvent = function(event) {","      if (checkIgnored()) return;","","      if (event === 'unlink') {","        // suppress unlink events on never before seen files","        if (info.type === 'directory' || watchedDir.has(item)) {","          this._remove(parent, item);","        }","      } else {","        if (event === 'add') {","          // track new directories","          if (info.type === 'directory') this._getWatchedDir(path);","","          if (info.type === 'symlink' && this.options.followSymlinks) {","            // push symlinks back to the top of the stack to get handled","            var curDepth = this.options.depth === undefined ?","              undefined : depth(fullPath, realPath) + 1;","            return this._addToFsEvents(path, false, true, curDepth);","          } else {","            // track new paths","            // (other than symlinks being followed, which will be tracked soon)","            this._getWatchedDir(parent).add(item);","          }","        }","        var eventName = info.type === 'directory' ? event + 'Dir' : event;","        this._emit(eventName, path);","        if (eventName === 'addDir') this._addToFsEvents(path, false, true);","      }","    }.bind(this);","","    function addOrChange() {","      handleEvent(watchedDir.has(item) ? 'change' : 'add');","    }","    function checkFd() {","      fs.open(path, 'r', function(error, fd) {","        if (fd) fs.close(fd);","        error && error.code !== 'EACCES' ?","          handleEvent('unlink') : addOrChange();","      });","    }","    // correct for wrong events emitted","    var wrongEventFlags = [","      69888, 70400, 71424, 72704, 73472, 131328, 131840, 262912","    ];","    if (wrongEventFlags.indexOf(flags) !== -1 || info.event === 'unknown') {","      if (typeof this.options.ignored === 'function') {","        fs.stat(path, function(error, stats) {","          if (checkIgnored(stats)) return;","          stats ? addOrChange() : handleEvent('unlink');","        });","      } else {","        checkFd();","      }","    } else {","      switch (info.event) {","      case 'created':","      case 'modified':","        return addOrChange();","      case 'deleted':","      case 'moved':","        return checkFd();","      }","    }","  }.bind(this);","","  var closer = setFSEventsListener(","    watchPath,","    realPath,","    watchCallback,","    this.emit.bind(this, 'raw')","  );","","  this._emitReady();","  return closer;","};","","// Private method: Handle symlinks encountered during directory scan","","// * linkPath   - string, path to symlink","// * fullPath   - string, absolute path to the symlink","// * transform  - function, pre-existing path transformer","// * curDepth   - int, level of subdirectories traversed to where symlink is","","// Returns nothing","FsEventsHandler.prototype._handleFsEventsSymlink =","function(linkPath, fullPath, transform, curDepth) {","  // don't follow the same symlink more than once","  if (this._symlinkPaths[fullPath]) return;","  else this._symlinkPaths[fullPath] = true;","","  this._readyCount++;","","  fs.realpath(linkPath, function(error, linkTarget) {","    if (this._handleError(error) || this._isIgnored(linkTarget)) {","      return this._emitReady();","    }","","    this._readyCount++;","","    // add the linkTarget for watching with a wrapper for transform","    // that causes emitted paths to incorporate the link's path","    this._addToFsEvents(linkTarget || linkPath, function(path) {","      var dotSlash = '.' + sysPath.sep;","      var aliasedPath = linkPath;","      if (linkTarget && linkTarget !== dotSlash) {","        aliasedPath = path.replace(linkTarget, linkPath);","      } else if (path !== dotSlash) {","        aliasedPath = sysPath.join(linkPath, path);","      }","      return transform(aliasedPath);","    }, false, curDepth);","  }.bind(this));","};","","// Private method: Handle added path with fsevents","","// * path       - string, file/directory path or glob pattern","// * transform  - function, converts working path to what the user expects","// * forceAdd   - boolean, ensure add is emitted","// * priorDepth - int, level of subdirectories already traversed","","// Returns nothing","FsEventsHandler.prototype._addToFsEvents =","function(path, transform, forceAdd, priorDepth) {","","  // applies transform if provided, otherwise returns same value","  var processPath = typeof transform === 'function' ?","    transform : function(val) { return val; };","","  var emitAdd = function(newPath, stats) {","    var pp = processPath(newPath);","    var isDir = stats.isDirectory();","    var dirObj = this._getWatchedDir(sysPath.dirname(pp));","    var base = sysPath.basename(pp);","","    // ensure empty dirs get tracked","    if (isDir) this._getWatchedDir(pp);","","    if (dirObj.has(base)) return;","    dirObj.add(base);","","    if (!this.options.ignoreInitial || forceAdd === true) {","      this._emit(isDir ? 'addDir' : 'add', pp, stats);","    }","  }.bind(this);","","  var wh = this._getWatchHelpers(path);","","  // evaluate what is at the path we're being asked to watch","  fs[wh.statMethod](wh.watchPath, function(error, stats) {","    if (this._handleError(error) || this._isIgnored(wh.watchPath, stats)) {","      this._emitReady();","      return this._emitReady();","    }","","    if (stats.isDirectory()) {","      // emit addDir unless this is a glob parent","      if (!wh.globFilter) emitAdd(processPath(path), stats);","","      // don't recurse further if it would exceed depth setting","      if (priorDepth && priorDepth > this.options.depth) return;","","      // scan the contents of the dir","      readdirp({","        root: wh.watchPath,","        entryType: 'all',","        fileFilter: wh.filterPath,","        directoryFilter: wh.filterDir,","        lstat: true,","        depth: this.options.depth - (priorDepth || 0)","      }).on('data', function(entry) {","        // need to check filterPath on dirs b/c filterDir is less restrictive","        if (entry.stat.isDirectory() && !wh.filterPath(entry)) return;","","        var joinedPath = sysPath.join(wh.watchPath, entry.path);","        var fullPath = entry.fullPath;","","        if (wh.followSymlinks && entry.stat.isSymbolicLink()) {","          // preserve the current depth here since it can't be derived from","          // real paths past the symlink","          var curDepth = this.options.depth === undefined ?","            undefined : depth(joinedPath, sysPath.resolve(wh.watchPath)) + 1;","","          this._handleFsEventsSymlink(joinedPath, fullPath, processPath, curDepth);","        } else {","          emitAdd(joinedPath, entry.stat);","        }","      }.bind(this)).on('error', function() {","        // Ignore readdirp errors","      }).on('end', this._emitReady);","    } else {","      emitAdd(wh.watchPath, stats);","      this._emitReady();","    }","  }.bind(this));","","  if (this.options.persistent && forceAdd !== true) {","    var initWatch = function(error, realPath) {","      var closer = this._watchWithFsEvents(","        wh.watchPath,","        sysPath.resolve(realPath || wh.watchPath),","        processPath,","        wh.globFilter","      );","      if (closer) this._closers[path] = closer;","    }.bind(this);","","    if (typeof transform === 'function') {","      // realpath has already been resolved","      initWatch();","    } else {","      fs.realpath(wh.watchPath, initWatch);","    }","  }","};","","module.exports = FsEventsHandler;","module.exports.canUse = canUse;",""],"l":{"3":1,"4":1,"5":1,"6":1,"7":1,"13":1,"17":1,"25":1,"26":0,"38":1,"39":0,"40":0,"41":0,"47":0,"48":0,"51":0,"52":0,"53":1,"54":0,"55":0,"58":0,"63":1,"64":0,"66":0,"67":0,"68":0,"73":0,"74":0,"75":0,"77":0,"81":0,"82":0,"83":0,"85":0,"86":0,"91":0,"95":0,"96":0,"97":0,"98":0,"99":0,"100":0,"107":1,"108":0,"109":0,"111":0,"112":0,"113":0,"114":0,"115":0,"116":0,"121":0,"125":1,"126":1,"130":1,"131":0,"132":0,"133":0,"138":1,"148":1,"150":0,"151":0,"152":0,"155":0,"156":0,"159":0,"161":0,"162":0,"163":0,"166":0,"167":0,"168":0,"169":0,"170":0,"172":0,"174":0,"175":0,"179":0,"180":0,"182":0,"184":0,"185":0,"188":0,"190":0,"192":0,"194":0,"196":0,"200":0,"203":0,"204":0,"205":0,"209":1,"210":0,"212":1,"213":0,"214":0,"215":0,"220":0,"223":0,"224":0,"225":0,"226":0,"227":0,"230":0,"233":0,"236":0,"239":0,"244":0,"251":0,"252":0,"263":1,"266":0,"267":0,"269":0,"271":0,"272":0,"273":0,"276":0,"280":0,"281":0,"282":0,"283":0,"284":0,"285":0,"286":0,"288":0,"301":1,"305":0,"306":0,"308":0,"309":0,"310":0,"311":0,"312":0,"315":0,"317":0,"318":0,"320":0,"321":0,"325":0,"328":0,"329":0,"330":0,"331":0,"334":0,"336":0,"339":0,"342":0,"351":0,"353":0,"354":0,"356":0,"359":0,"362":0,"364":0,"370":0,"371":0,"375":0,"376":0,"377":0,"383":0,"386":0,"388":0,"390":0,"395":1,"396":1}}}